[22-Apr-2019 17:57:03 UTC] PHP Warning:  include_once(config.php): failed to open stream: No such file or directory in /home/ubuntu/workspace/Employee table/index.php on line 26
[22-Apr-2019 17:57:03 UTC] PHP Stack trace:
[22-Apr-2019 17:57:03 UTC] PHP   1. {main}() /home/ubuntu/workspace/Employee table/index.php:0
[22-Apr-2019 17:57:03 UTC] PHP Warning:  include_once(): Failed opening 'config.php' for inclusion (include_path='.:/usr/share/php:/usr/share/pear') in /home/ubuntu/workspace/Employee table/index.php on line 26
[22-Apr-2019 17:57:03 UTC] PHP Stack trace:
[22-Apr-2019 17:57:03 UTC] PHP   1. {main}() /home/ubuntu/workspace/Employee table/index.php:0
[22-Apr-2019 17:57:03 UTC] PHP Warning:  mysqli_query() expects parameter 1 to be mysqli, null given in /home/ubuntu/workspace/Employee table/index.php on line 29
[22-Apr-2019 17:57:03 UTC] PHP Stack trace:
[22-Apr-2019 17:57:03 UTC] PHP   1. {main}() /home/ubuntu/workspace/Employee table/index.php:0
[22-Apr-2019 17:57:03 UTC] PHP   2. mysqli_query() /home/ubuntu/workspace/Employee table/index.php:29
[22-Apr-2019 17:57:03 UTC] PHP Warning:  mysqli_fetch_array() expects parameter 1 to be mysqli_result, null given in /home/ubuntu/workspace/Employee table/index.php on line 31
[22-Apr-2019 17:57:03 UTC] PHP Stack trace:
[22-Apr-2019 17:57:03 UTC] PHP   1. {main}() /home/ubuntu/workspace/Employee table/index.php:0
[22-Apr-2019 17:57:03 UTC] PHP   2. mysqli_fetch_array() /home/ubuntu/workspace/Employee table/index.php:31
[22-Apr-2019 18:00:22 UTC] PHP Warning:  include_once(config.php): failed to open stream: No such file or directory in /home/ubuntu/workspace/Employee table/index.php on line 26
[22-Apr-2019 18:00:22 UTC] PHP Stack trace:
[22-Apr-2019 18:00:22 UTC] PHP   1. {main}() /home/ubuntu/workspace/Employee table/index.php:0
[22-Apr-2019 18:00:22 UTC] PHP Warning:  include_once(): Failed opening 'config.php' for inclusion (include_path='.:/usr/share/php:/usr/share/pear') in /home/ubuntu/workspace/Employee table/index.php on line 26
[22-Apr-2019 18:00:22 UTC] PHP Stack trace:
[22-Apr-2019 18:00:22 UTC] PHP   1. {main}() /home/ubuntu/workspace/Employee table/index.php:0
[22-Apr-2019 18:00:22 UTC] PHP Warning:  mysqli_query() expects parameter 1 to be mysqli, null given in /home/ubuntu/workspace/Employee table/index.php on line 29
[22-Apr-2019 18:00:22 UTC] PHP Stack trace:
[22-Apr-2019 18:00:22 UTC] PHP   1. {main}() /home/ubuntu/workspace/Employee table/index.php:0
[22-Apr-2019 18:00:22 UTC] PHP   2. mysqli_query() /home/ubuntu/workspace/Employee table/index.php:29
[22-Apr-2019 18:00:22 UTC] PHP Warning:  mysqli_fetch_array() expects parameter 1 to be mysqli_result, null given in /home/ubuntu/workspace/Employee table/index.php on line 31
[22-Apr-2019 18:00:22 UTC] PHP Stack trace:
[22-Apr-2019 18:00:22 UTC] PHP   1. {main}() /home/ubuntu/workspace/Employee table/index.php:0
[22-Apr-2019 18:00:22 UTC] PHP   2. mysqli_fetch_array() /home/ubuntu/workspace/Employee table/index.php:31
[22-Apr-2019 18:00:23 UTC] PHP Warning:  include_once(config.php): failed to open stream: No such file or directory in /home/ubuntu/workspace/Employee table/index.php on line 26
[22-Apr-2019 18:00:23 UTC] PHP Stack trace:
[22-Apr-2019 18:00:23 UTC] PHP   1. {main}() /home/ubuntu/workspace/Employee table/index.php:0
[22-Apr-2019 18:00:23 UTC] PHP Warning:  include_once(): Failed opening 'config.php' for inclusion (include_path='.:/usr/share/php:/usr/share/pear') in /home/ubuntu/workspace/Employee table/index.php on line 26
[22-Apr-2019 18:00:23 UTC] PHP Stack trace:
[22-Apr-2019 18:00:23 UTC] PHP   1. {main}() /home/ubuntu/workspace/Employee table/index.php:0
[22-Apr-2019 18:00:23 UTC] PHP Warning:  mysqli_query() expects parameter 1 to be mysqli, null given in /home/ubuntu/workspace/Employee table/index.php on line 29
[22-Apr-2019 18:00:23 UTC] PHP Stack trace:
[22-Apr-2019 18:00:23 UTC] PHP   1. {main}() /home/ubuntu/workspace/Employee table/index.php:0
[22-Apr-2019 18:00:23 UTC] PHP   2. mysqli_query() /home/ubuntu/workspace/Employee table/index.php:29
[22-Apr-2019 18:00:23 UTC] PHP Warning:  mysqli_fetch_array() expects parameter 1 to be mysqli_result, null given in /home/ubuntu/workspace/Employee table/index.php on line 31
[22-Apr-2019 18:00:23 UTC] PHP Stack trace:
[22-Apr-2019 18:00:23 UTC] PHP   1. {main}() /home/ubuntu/workspace/Employee table/index.php:0
[22-Apr-2019 18:00:23 UTC] PHP   2. mysqli_fetch_array() /home/ubuntu/workspace/Employee table/index.php:31
[22-Apr-2019 18:00:23 UTC] PHP Warning:  include_once(config.php): failed to open stream: No such file or directory in /home/ubuntu/workspace/Employee table/index.php on line 26
[22-Apr-2019 18:00:23 UTC] PHP Stack trace:
[22-Apr-2019 18:00:23 UTC] PHP   1. {main}() /home/ubuntu/workspace/Employee table/index.php:0
[22-Apr-2019 18:00:23 UTC] PHP Warning:  include_once(): Failed opening 'config.php' for inclusion (include_path='.:/usr/share/php:/usr/share/pear') in /home/ubuntu/workspace/Employee table/index.php on line 26
[22-Apr-2019 18:00:23 UTC] PHP Stack trace:
[22-Apr-2019 18:00:23 UTC] PHP   1. {main}() /home/ubuntu/workspace/Employee table/index.php:0
[22-Apr-2019 18:00:23 UTC] PHP Warning:  mysqli_query() expects parameter 1 to be mysqli, null given in /home/ubuntu/workspace/Employee table/index.php on line 29
[22-Apr-2019 18:00:23 UTC] PHP Stack trace:
[22-Apr-2019 18:00:23 UTC] PHP   1. {main}() /home/ubuntu/workspace/Employee table/index.php:0
[22-Apr-2019 18:00:23 UTC] PHP   2. mysqli_query() /home/ubuntu/workspace/Employee table/index.php:29
[22-Apr-2019 18:00:23 UTC] PHP Warning:  mysqli_fetch_array() expects parameter 1 to be mysqli_result, null given in /home/ubuntu/workspace/Employee table/index.php on line 31
[22-Apr-2019 18:00:23 UTC] PHP Stack trace:
[22-Apr-2019 18:00:23 UTC] PHP   1. {main}() /home/ubuntu/workspace/Employee table/index.php:0
[22-Apr-2019 18:00:23 UTC] PHP   2. mysqli_fetch_array() /home/ubuntu/workspace/Employee table/index.php:31
[22-Apr-2019 18:00:24 UTC] PHP Warning:  include_once(config.php): failed to open stream: No such file or directory in /home/ubuntu/workspace/Employee table/index.php on line 26
[22-Apr-2019 18:00:24 UTC] PHP Stack trace:
[22-Apr-2019 18:00:24 UTC] PHP   1. {main}() /home/ubuntu/workspace/Employee table/index.php:0
[22-Apr-2019 18:00:24 UTC] PHP Warning:  include_once(): Failed opening 'config.php' for inclusion (include_path='.:/usr/share/php:/usr/share/pear') in /home/ubuntu/workspace/Employee table/index.php on line 26
[22-Apr-2019 18:00:24 UTC] PHP Stack trace:
[22-Apr-2019 18:00:24 UTC] PHP   1. {main}() /home/ubuntu/workspace/Employee table/index.php:0
[22-Apr-2019 18:00:24 UTC] PHP Warning:  mysqli_query() expects parameter 1 to be mysqli, null given in /home/ubuntu/workspace/Employee table/index.php on line 29
[22-Apr-2019 18:00:24 UTC] PHP Stack trace:
[22-Apr-2019 18:00:24 UTC] PHP   1. {main}() /home/ubuntu/workspace/Employee table/index.php:0
[22-Apr-2019 18:00:24 UTC] PHP   2. mysqli_query() /home/ubuntu/workspace/Employee table/index.php:29
[22-Apr-2019 18:00:24 UTC] PHP Warning:  mysqli_fetch_array() expects parameter 1 to be mysqli_result, null given in /home/ubuntu/workspace/Employee table/index.php on line 31
[22-Apr-2019 18:00:24 UTC] PHP Stack trace:
[22-Apr-2019 18:00:24 UTC] PHP   1. {main}() /home/ubuntu/workspace/Employee table/index.php:0
[22-Apr-2019 18:00:24 UTC] PHP   2. mysqli_fetch_array() /home/ubuntu/workspace/Employee table/index.php:31
[22-Apr-2019 18:00:24 UTC] PHP Warning:  include_once(config.php): failed to open stream: No such file or directory in /home/ubuntu/workspace/Employee table/index.php on line 26
[22-Apr-2019 18:00:24 UTC] PHP Stack trace:
[22-Apr-2019 18:00:24 UTC] PHP   1. {main}() /home/ubuntu/workspace/Employee table/index.php:0
[22-Apr-2019 18:00:24 UTC] PHP Warning:  include_once(): Failed opening 'config.php' for inclusion (include_path='.:/usr/share/php:/usr/share/pear') in /home/ubuntu/workspace/Employee table/index.php on line 26
[22-Apr-2019 18:00:24 UTC] PHP Stack trace:
[22-Apr-2019 18:00:24 UTC] PHP   1. {main}() /home/ubuntu/workspace/Employee table/index.php:0
[22-Apr-2019 18:00:24 UTC] PHP Warning:  mysqli_query() expects parameter 1 to be mysqli, null given in /home/ubuntu/workspace/Employee table/index.php on line 29
[22-Apr-2019 18:00:24 UTC] PHP Stack trace:
[22-Apr-2019 18:00:24 UTC] PHP   1. {main}() /home/ubuntu/workspace/Employee table/index.php:0
[22-Apr-2019 18:00:24 UTC] PHP   2. mysqli_query() /home/ubuntu/workspace/Employee table/index.php:29
[22-Apr-2019 18:00:24 UTC] PHP Warning:  mysqli_fetch_array() expects parameter 1 to be mysqli_result, null given in /home/ubuntu/workspace/Employee table/index.php on line 31
[22-Apr-2019 18:00:24 UTC] PHP Stack trace:
[22-Apr-2019 18:00:24 UTC] PHP   1. {main}() /home/ubuntu/workspace/Employee table/index.php:0
[22-Apr-2019 18:00:24 UTC] PHP   2. mysqli_fetch_array() /home/ubuntu/workspace/Employee table/index.php:31
[22-Apr-2019 18:00:25 UTC] PHP Warning:  include_once(config.php): failed to open stream: No such file or directory in /home/ubuntu/workspace/Employee table/index.php on line 26
[22-Apr-2019 18:00:25 UTC] PHP Stack trace:
[22-Apr-2019 18:00:25 UTC] PHP   1. {main}() /home/ubuntu/workspace/Employee table/index.php:0
[22-Apr-2019 18:00:25 UTC] PHP Warning:  include_once(): Failed opening 'config.php' for inclusion (include_path='.:/usr/share/php:/usr/share/pear') in /home/ubuntu/workspace/Employee table/index.php on line 26
[22-Apr-2019 18:00:25 UTC] PHP Stack trace:
[22-Apr-2019 18:00:25 UTC] PHP   1. {main}() /home/ubuntu/workspace/Employee table/index.php:0
[22-Apr-2019 18:00:25 UTC] PHP Warning:  mysqli_query() expects parameter 1 to be mysqli, null given in /home/ubuntu/workspace/Employee table/index.php on line 29
[22-Apr-2019 18:00:25 UTC] PHP Stack trace:
[22-Apr-2019 18:00:25 UTC] PHP   1. {main}() /home/ubuntu/workspace/Employee table/index.php:0
[22-Apr-2019 18:00:25 UTC] PHP   2. mysqli_query() /home/ubuntu/workspace/Employee table/index.php:29
[22-Apr-2019 18:00:25 UTC] PHP Warning:  mysqli_fetch_array() expects parameter 1 to be mysqli_result, null given in /home/ubuntu/workspace/Employee table/index.php on line 31
[22-Apr-2019 18:00:25 UTC] PHP Stack trace:
[22-Apr-2019 18:00:25 UTC] PHP   1. {main}() /home/ubuntu/workspace/Employee table/index.php:0
[22-Apr-2019 18:00:25 UTC] PHP   2. mysqli_fetch_array() /home/ubuntu/workspace/Employee table/index.php:31
[22-Apr-2019 18:00:25 UTC] PHP Warning:  include_once(config.php): failed to open stream: No such file or directory in /home/ubuntu/workspace/Employee table/index.php on line 26
[22-Apr-2019 18:00:25 UTC] PHP Stack trace:
[22-Apr-2019 18:00:25 UTC] PHP   1. {main}() /home/ubuntu/workspace/Employee table/index.php:0
[22-Apr-2019 18:00:25 UTC] PHP Warning:  include_once(): Failed opening 'config.php' for inclusion (include_path='.:/usr/share/php:/usr/share/pear') in /home/ubuntu/workspace/Employee table/index.php on line 26
[22-Apr-2019 18:00:25 UTC] PHP Stack trace:
[22-Apr-2019 18:00:25 UTC] PHP   1. {main}() /home/ubuntu/workspace/Employee table/index.php:0
[22-Apr-2019 18:00:25 UTC] PHP Warning:  mysqli_query() expects parameter 1 to be mysqli, null given in /home/ubuntu/workspace/Employee table/index.php on line 29
[22-Apr-2019 18:00:25 UTC] PHP Stack trace:
[22-Apr-2019 18:00:25 UTC] PHP   1. {main}() /home/ubuntu/workspace/Employee table/index.php:0
[22-Apr-2019 18:00:25 UTC] PHP   2. mysqli_query() /home/ubuntu/workspace/Employee table/index.php:29
[22-Apr-2019 18:00:25 UTC] PHP Warning:  mysqli_fetch_array() expects parameter 1 to be mysqli_result, null given in /home/ubuntu/workspace/Employee table/index.php on line 31
[22-Apr-2019 18:00:25 UTC] PHP Stack trace:
[22-Apr-2019 18:00:25 UTC] PHP   1. {main}() /home/ubuntu/workspace/Employee table/index.php:0
[22-Apr-2019 18:00:25 UTC] PHP   2. mysqli_fetch_array() /home/ubuntu/workspace/Employee table/index.php:31
[22-Apr-2019 18:06:51 UTC] PHP Warning:  include_once(config.php): failed to open stream: No such file or directory in /home/ubuntu/workspace/Employee_table/index.php on line 26
[22-Apr-2019 18:06:51 UTC] PHP Stack trace:
[22-Apr-2019 18:06:51 UTC] PHP   1. {main}() /home/ubuntu/workspace/Employee_table/index.php:0
[22-Apr-2019 18:06:51 UTC] PHP Warning:  include_once(): Failed opening 'config.php' for inclusion (include_path='.:/usr/share/php:/usr/share/pear') in /home/ubuntu/workspace/Employee_table/index.php on line 26
[22-Apr-2019 18:06:51 UTC] PHP Stack trace:
[22-Apr-2019 18:06:51 UTC] PHP   1. {main}() /home/ubuntu/workspace/Employee_table/index.php:0
[22-Apr-2019 18:06:51 UTC] PHP Warning:  mysqli_query() expects parameter 1 to be mysqli, null given in /home/ubuntu/workspace/Employee_table/index.php on line 29
[22-Apr-2019 18:06:51 UTC] PHP Stack trace:
[22-Apr-2019 18:06:51 UTC] PHP   1. {main}() /home/ubuntu/workspace/Employee_table/index.php:0
[22-Apr-2019 18:06:51 UTC] PHP   2. mysqli_query() /home/ubuntu/workspace/Employee_table/index.php:29
[22-Apr-2019 18:06:51 UTC] PHP Warning:  mysqli_fetch_array() expects parameter 1 to be mysqli_result, null given in /home/ubuntu/workspace/Employee_table/index.php on line 31
[22-Apr-2019 18:06:51 UTC] PHP Stack trace:
[22-Apr-2019 18:06:51 UTC] PHP   1. {main}() /home/ubuntu/workspace/Employee_table/index.php:0
[22-Apr-2019 18:06:51 UTC] PHP   2. mysqli_fetch_array() /home/ubuntu/workspace/Employee_table/index.php:31
[22-Apr-2019 18:11:13 UTC] PHP Warning:  include_once(/config.php): failed to open stream: No such file or directory in /home/ubuntu/workspace/Employee_table/index.php on line 26
[22-Apr-2019 18:11:13 UTC] PHP Stack trace:
[22-Apr-2019 18:11:13 UTC] PHP   1. {main}() /home/ubuntu/workspace/Employee_table/index.php:0
[22-Apr-2019 18:11:13 UTC] PHP Warning:  include_once(): Failed opening '/config.php' for inclusion (include_path='.:/usr/share/php:/usr/share/pear') in /home/ubuntu/workspace/Employee_table/index.php on line 26
[22-Apr-2019 18:11:13 UTC] PHP Stack trace:
[22-Apr-2019 18:11:13 UTC] PHP   1. {main}() /home/ubuntu/workspace/Employee_table/index.php:0
[22-Apr-2019 18:11:13 UTC] PHP Warning:  mysqli_query() expects parameter 1 to be mysqli, null given in /home/ubuntu/workspace/Employee_table/index.php on line 29
[22-Apr-2019 18:11:13 UTC] PHP Stack trace:
[22-Apr-2019 18:11:13 UTC] PHP   1. {main}() /home/ubuntu/workspace/Employee_table/index.php:0
[22-Apr-2019 18:11:13 UTC] PHP   2. mysqli_query() /home/ubuntu/workspace/Employee_table/index.php:29
[22-Apr-2019 18:11:13 UTC] PHP Warning:  mysqli_fetch_array() expects parameter 1 to be mysqli_result, null given in /home/ubuntu/workspace/Employee_table/index.php on line 31
[22-Apr-2019 18:11:13 UTC] PHP Stack trace:
[22-Apr-2019 18:11:13 UTC] PHP   1. {main}() /home/ubuntu/workspace/Employee_table/index.php:0
[22-Apr-2019 18:11:13 UTC] PHP   2. mysqli_fetch_array() /home/ubuntu/workspace/Employee_table/index.php:31
[22-Apr-2019 18:11:15 UTC] PHP Warning:  include_once(/config.php): failed to open stream: No such file or directory in /home/ubuntu/workspace/Employee_table/index.php on line 26
[22-Apr-2019 18:11:15 UTC] PHP Stack trace:
[22-Apr-2019 18:11:15 UTC] PHP   1. {main}() /home/ubuntu/workspace/Employee_table/index.php:0
[22-Apr-2019 18:11:15 UTC] PHP Warning:  include_once(): Failed opening '/config.php' for inclusion (include_path='.:/usr/share/php:/usr/share/pear') in /home/ubuntu/workspace/Employee_table/index.php on line 26
[22-Apr-2019 18:11:15 UTC] PHP Stack trace:
[22-Apr-2019 18:11:15 UTC] PHP   1. {main}() /home/ubuntu/workspace/Employee_table/index.php:0
[22-Apr-2019 18:11:15 UTC] PHP Warning:  mysqli_query() expects parameter 1 to be mysqli, null given in /home/ubuntu/workspace/Employee_table/index.php on line 29
[22-Apr-2019 18:11:15 UTC] PHP Stack trace:
[22-Apr-2019 18:11:15 UTC] PHP   1. {main}() /home/ubuntu/workspace/Employee_table/index.php:0
[22-Apr-2019 18:11:15 UTC] PHP   2. mysqli_query() /home/ubuntu/workspace/Employee_table/index.php:29
[22-Apr-2019 18:11:15 UTC] PHP Warning:  mysqli_fetch_array() expects parameter 1 to be mysqli_result, null given in /home/ubuntu/workspace/Employee_table/index.php on line 31
[22-Apr-2019 18:11:15 UTC] PHP Stack trace:
[22-Apr-2019 18:11:15 UTC] PHP   1. {main}() /home/ubuntu/workspace/Employee_table/index.php:0
[22-Apr-2019 18:11:15 UTC] PHP   2. mysqli_fetch_array() /home/ubuntu/workspace/Employee_table/index.php:31
[22-Apr-2019 18:11:16 UTC] PHP Warning:  include_once(/config.php): failed to open stream: No such file or directory in /home/ubuntu/workspace/Employee_table/index.php on line 26
[22-Apr-2019 18:11:16 UTC] PHP Stack trace:
[22-Apr-2019 18:11:16 UTC] PHP   1. {main}() /home/ubuntu/workspace/Employee_table/index.php:0
[22-Apr-2019 18:11:16 UTC] PHP Warning:  include_once(): Failed opening '/config.php' for inclusion (include_path='.:/usr/share/php:/usr/share/pear') in /home/ubuntu/workspace/Employee_table/index.php on line 26
[22-Apr-2019 18:11:16 UTC] PHP Stack trace:
[22-Apr-2019 18:11:16 UTC] PHP   1. {main}() /home/ubuntu/workspace/Employee_table/index.php:0
[22-Apr-2019 18:11:16 UTC] PHP Warning:  mysqli_query() expects parameter 1 to be mysqli, null given in /home/ubuntu/workspace/Employee_table/index.php on line 29
[22-Apr-2019 18:11:16 UTC] PHP Stack trace:
[22-Apr-2019 18:11:16 UTC] PHP   1. {main}() /home/ubuntu/workspace/Employee_table/index.php:0
[22-Apr-2019 18:11:16 UTC] PHP   2. mysqli_query() /home/ubuntu/workspace/Employee_table/index.php:29
[22-Apr-2019 18:11:16 UTC] PHP Warning:  mysqli_fetch_array() expects parameter 1 to be mysqli_result, null given in /home/ubuntu/workspace/Employee_table/index.php on line 31
[22-Apr-2019 18:11:16 UTC] PHP Stack trace:
[22-Apr-2019 18:11:16 UTC] PHP   1. {main}() /home/ubuntu/workspace/Employee_table/index.php:0
[22-Apr-2019 18:11:16 UTC] PHP   2. mysqli_fetch_array() /home/ubuntu/workspace/Employee_table/index.php:31
[22-Apr-2019 18:12:50 UTC] PHP Warning:  include_once(config.php): failed to open stream: No such file or directory in /home/ubuntu/workspace/Employee_table/index.php on line 26
[22-Apr-2019 18:12:50 UTC] PHP Stack trace:
[22-Apr-2019 18:12:50 UTC] PHP   1. {main}() /home/ubuntu/workspace/Employee_table/index.php:0
[22-Apr-2019 18:12:50 UTC] PHP Warning:  include_once(): Failed opening 'config.php' for inclusion (include_path='.:/usr/share/php:/usr/share/pear') in /home/ubuntu/workspace/Employee_table/index.php on line 26
[22-Apr-2019 18:12:50 UTC] PHP Stack trace:
[22-Apr-2019 18:12:50 UTC] PHP   1. {main}() /home/ubuntu/workspace/Employee_table/index.php:0
[22-Apr-2019 18:12:50 UTC] PHP Warning:  mysqli_query() expects parameter 1 to be mysqli, null given in /home/ubuntu/workspace/Employee_table/index.php on line 29
[22-Apr-2019 18:12:50 UTC] PHP Stack trace:
[22-Apr-2019 18:12:50 UTC] PHP   1. {main}() /home/ubuntu/workspace/Employee_table/index.php:0
[22-Apr-2019 18:12:50 UTC] PHP   2. mysqli_query() /home/ubuntu/workspace/Employee_table/index.php:29
[22-Apr-2019 18:12:50 UTC] PHP Warning:  mysqli_fetch_array() expects parameter 1 to be mysqli_result, null given in /home/ubuntu/workspace/Employee_table/index.php on line 31
[22-Apr-2019 18:12:50 UTC] PHP Stack trace:
[22-Apr-2019 18:12:50 UTC] PHP   1. {main}() /home/ubuntu/workspace/Employee_table/index.php:0
[22-Apr-2019 18:12:50 UTC] PHP   2. mysqli_fetch_array() /home/ubuntu/workspace/Employee_table/index.php:31
[22-Apr-2019 18:12:52 UTC] PHP Warning:  include_once(config.php): failed to open stream: No such file or directory in /home/ubuntu/workspace/Employee_table/index.php on line 26
[22-Apr-2019 18:12:52 UTC] PHP Stack trace:
[22-Apr-2019 18:12:52 UTC] PHP   1. {main}() /home/ubuntu/workspace/Employee_table/index.php:0
[22-Apr-2019 18:12:52 UTC] PHP Warning:  include_once(): Failed opening 'config.php' for inclusion (include_path='.:/usr/share/php:/usr/share/pear') in /home/ubuntu/workspace/Employee_table/index.php on line 26
[22-Apr-2019 18:12:52 UTC] PHP Stack trace:
[22-Apr-2019 18:12:52 UTC] PHP   1. {main}() /home/ubuntu/workspace/Employee_table/index.php:0
[22-Apr-2019 18:12:52 UTC] PHP Warning:  mysqli_query() expects parameter 1 to be mysqli, null given in /home/ubuntu/workspace/Employee_table/index.php on line 29
[22-Apr-2019 18:12:52 UTC] PHP Stack trace:
[22-Apr-2019 18:12:52 UTC] PHP   1. {main}() /home/ubuntu/workspace/Employee_table/index.php:0
[22-Apr-2019 18:12:52 UTC] PHP   2. mysqli_query() /home/ubuntu/workspace/Employee_table/index.php:29
[22-Apr-2019 18:12:52 UTC] PHP Warning:  mysqli_fetch_array() expects parameter 1 to be mysqli_result, null given in /home/ubuntu/workspace/Employee_table/index.php on line 31
[22-Apr-2019 18:12:52 UTC] PHP Stack trace:
[22-Apr-2019 18:12:52 UTC] PHP   1. {main}() /home/ubuntu/workspace/Employee_table/index.php:0
[22-Apr-2019 18:12:52 UTC] PHP   2. mysqli_fetch_array() /home/ubuntu/workspace/Employee_table/index.php:31
[22-Apr-2019 18:23:38 UTC] PHP Warning:  include_once(/config.php): failed to open stream: No such file or directory in /home/ubuntu/workspace/Employee_table/index.php on line 26
[22-Apr-2019 18:23:38 UTC] PHP Stack trace:
[22-Apr-2019 18:23:38 UTC] PHP   1. {main}() /home/ubuntu/workspace/Employee_table/index.php:0
[22-Apr-2019 18:23:38 UTC] PHP Warning:  include_once(): Failed opening '/config.php' for inclusion (include_path='.:/usr/share/php:/usr/share/pear') in /home/ubuntu/workspace/Employee_table/index.php on line 26
[22-Apr-2019 18:23:38 UTC] PHP Stack trace:
[22-Apr-2019 18:23:38 UTC] PHP   1. {main}() /home/ubuntu/workspace/Employee_table/index.php:0
[22-Apr-2019 18:23:38 UTC] PHP Warning:  mysqli_query() expects parameter 1 to be mysqli, null given in /home/ubuntu/workspace/Employee_table/index.php on line 29
[22-Apr-2019 18:23:38 UTC] PHP Stack trace:
[22-Apr-2019 18:23:38 UTC] PHP   1. {main}() /home/ubuntu/workspace/Employee_table/index.php:0
[22-Apr-2019 18:23:38 UTC] PHP   2. mysqli_query() /home/ubuntu/workspace/Employee_table/index.php:29
[22-Apr-2019 18:23:38 UTC] PHP Warning:  mysqli_fetch_array() expects parameter 1 to be mysqli_result, null given in /home/ubuntu/workspace/Employee_table/index.php on line 31
[22-Apr-2019 18:23:38 UTC] PHP Stack trace:
[22-Apr-2019 18:23:38 UTC] PHP   1. {main}() /home/ubuntu/workspace/Employee_table/index.php:0
[22-Apr-2019 18:23:38 UTC] PHP   2. mysqli_fetch_array() /home/ubuntu/workspace/Employee_table/index.php:31
[22-Apr-2019 22:20:49 UTC] PHP Warning:  include_once(config.php): failed to open stream: No such file or directory in /home/ubuntu/workspace/Employee_table/edit.php on line 3
[22-Apr-2019 22:20:49 UTC] PHP Stack trace:
[22-Apr-2019 22:20:49 UTC] PHP   1. {main}() /home/ubuntu/workspace/Employee_table/edit.php:0
[22-Apr-2019 22:20:49 UTC] PHP Warning:  include_once(): Failed opening 'config.php' for inclusion (include_path='.:/usr/share/php:/usr/share/pear') in /home/ubuntu/workspace/Employee_table/edit.php on line 3
[22-Apr-2019 22:20:49 UTC] PHP Stack trace:
[22-Apr-2019 22:20:49 UTC] PHP   1. {main}() /home/ubuntu/workspace/Employee_table/edit.php:0
[22-Apr-2019 22:20:49 UTC] PHP Warning:  mysqli_query() expects parameter 1 to be mysqli, null given in /home/ubuntu/workspace/Employee_table/edit.php on line 50
[22-Apr-2019 22:20:49 UTC] PHP Stack trace:
[22-Apr-2019 22:20:49 UTC] PHP   1. {main}() /home/ubuntu/workspace/Employee_table/edit.php:0
[22-Apr-2019 22:20:49 UTC] PHP   2. mysqli_query() /home/ubuntu/workspace/Employee_table/edit.php:50
[22-Apr-2019 22:20:49 UTC] PHP Warning:  mysqli_fetch_array() expects parameter 1 to be mysqli_result, null given in /home/ubuntu/workspace/Employee_table/edit.php on line 52
[22-Apr-2019 22:20:49 UTC] PHP Stack trace:
[22-Apr-2019 22:20:49 UTC] PHP   1. {main}() /home/ubuntu/workspace/Employee_table/edit.php:0
[22-Apr-2019 22:20:49 UTC] PHP   2. mysqli_fetch_array() /home/ubuntu/workspace/Employee_table/edit.php:52
[22-Apr-2019 22:21:13 UTC] PHP Warning:  include_once(config.php): failed to open stream: No such file or directory in /home/ubuntu/workspace/Employee_table/edit.php on line 3
[22-Apr-2019 22:21:13 UTC] PHP Stack trace:
[22-Apr-2019 22:21:13 UTC] PHP   1. {main}() /home/ubuntu/workspace/Employee_table/edit.php:0
[22-Apr-2019 22:21:13 UTC] PHP Warning:  include_once(): Failed opening 'config.php' for inclusion (include_path='.:/usr/share/php:/usr/share/pear') in /home/ubuntu/workspace/Employee_table/edit.php on line 3
[22-Apr-2019 22:21:13 UTC] PHP Stack trace:
[22-Apr-2019 22:21:13 UTC] PHP   1. {main}() /home/ubuntu/workspace/Employee_table/edit.php:0
[22-Apr-2019 22:21:13 UTC] PHP Warning:  mysqli_query() expects parameter 1 to be mysqli, null given in /home/ubuntu/workspace/Employee_table/edit.php on line 50
[22-Apr-2019 22:21:13 UTC] PHP Stack trace:
[22-Apr-2019 22:21:13 UTC] PHP   1. {main}() /home/ubuntu/workspace/Employee_table/edit.php:0
[22-Apr-2019 22:21:13 UTC] PHP   2. mysqli_query() /home/ubuntu/workspace/Employee_table/edit.php:50
[22-Apr-2019 22:21:13 UTC] PHP Warning:  mysqli_fetch_array() expects parameter 1 to be mysqli_result, null given in /home/ubuntu/workspace/Employee_table/edit.php on line 52
[22-Apr-2019 22:21:13 UTC] PHP Stack trace:
[22-Apr-2019 22:21:13 UTC] PHP   1. {main}() /home/ubuntu/workspace/Employee_table/edit.php:0
[22-Apr-2019 22:21:13 UTC] PHP   2. mysqli_fetch_array() /home/ubuntu/workspace/Employee_table/edit.php:52
[22-Apr-2019 22:21:19 UTC] PHP Warning:  include_once(config.php): failed to open stream: No such file or directory in /home/ubuntu/workspace/Employee_table/edit.php on line 3
[22-Apr-2019 22:21:19 UTC] PHP Stack trace:
[22-Apr-2019 22:21:19 UTC] PHP   1. {main}() /home/ubuntu/workspace/Employee_table/edit.php:0
[22-Apr-2019 22:21:19 UTC] PHP Warning:  include_once(): Failed opening 'config.php' for inclusion (include_path='.:/usr/share/php:/usr/share/pear') in /home/ubuntu/workspace/Employee_table/edit.php on line 3
[22-Apr-2019 22:21:19 UTC] PHP Stack trace:
[22-Apr-2019 22:21:19 UTC] PHP   1. {main}() /home/ubuntu/workspace/Employee_table/edit.php:0
[22-Apr-2019 22:21:19 UTC] PHP Warning:  mysqli_query() expects parameter 1 to be mysqli, null given in /home/ubuntu/workspace/Employee_table/edit.php on line 50
[22-Apr-2019 22:21:19 UTC] PHP Stack trace:
[22-Apr-2019 22:21:19 UTC] PHP   1. {main}() /home/ubuntu/workspace/Employee_table/edit.php:0
[22-Apr-2019 22:21:19 UTC] PHP   2. mysqli_query() /home/ubuntu/workspace/Employee_table/edit.php:50
[22-Apr-2019 22:21:19 UTC] PHP Warning:  mysqli_fetch_array() expects parameter 1 to be mysqli_result, null given in /home/ubuntu/workspace/Employee_table/edit.php on line 52
[22-Apr-2019 22:21:19 UTC] PHP Stack trace:
[22-Apr-2019 22:21:19 UTC] PHP   1. {main}() /home/ubuntu/workspace/Employee_table/edit.php:0
[22-Apr-2019 22:21:19 UTC] PHP   2. mysqli_fetch_array() /home/ubuntu/workspace/Employee_table/edit.php:52
[22-Apr-2019 22:22:11 UTC] PHP Warning:  include_once(config.php): failed to open stream: No such file or directory in /home/ubuntu/workspace/Employee_table/edit.php on line 3
[22-Apr-2019 22:22:11 UTC] PHP Stack trace:
[22-Apr-2019 22:22:11 UTC] PHP   1. {main}() /home/ubuntu/workspace/Employee_table/edit.php:0
[22-Apr-2019 22:22:11 UTC] PHP Warning:  include_once(): Failed opening 'config.php' for inclusion (include_path='.:/usr/share/php:/usr/share/pear') in /home/ubuntu/workspace/Employee_table/edit.php on line 3
[22-Apr-2019 22:22:11 UTC] PHP Stack trace:
[22-Apr-2019 22:22:11 UTC] PHP   1. {main}() /home/ubuntu/workspace/Employee_table/edit.php:0
[22-Apr-2019 22:22:11 UTC] PHP Warning:  mysqli_real_escape_string() expects parameter 1 to be mysqli, null given in /home/ubuntu/workspace/Employee_table/edit.php on line 8
[22-Apr-2019 22:22:11 UTC] PHP Stack trace:
[22-Apr-2019 22:22:11 UTC] PHP   1. {main}() /home/ubuntu/workspace/Employee_table/edit.php:0
[22-Apr-2019 22:22:11 UTC] PHP   2. mysqli_real_escape_string() /home/ubuntu/workspace/Employee_table/edit.php:8
[22-Apr-2019 22:22:11 UTC] PHP Warning:  mysqli_real_escape_string() expects parameter 1 to be mysqli, null given in /home/ubuntu/workspace/Employee_table/edit.php on line 10
[22-Apr-2019 22:22:11 UTC] PHP Stack trace:
[22-Apr-2019 22:22:11 UTC] PHP   1. {main}() /home/ubuntu/workspace/Employee_table/edit.php:0
[22-Apr-2019 22:22:11 UTC] PHP   2. mysqli_real_escape_string() /home/ubuntu/workspace/Employee_table/edit.php:10
[22-Apr-2019 22:22:11 UTC] PHP Warning:  mysqli_real_escape_string() expects parameter 1 to be mysqli, null given in /home/ubuntu/workspace/Employee_table/edit.php on line 11
[22-Apr-2019 22:22:11 UTC] PHP Stack trace:
[22-Apr-2019 22:22:11 UTC] PHP   1. {main}() /home/ubuntu/workspace/Employee_table/edit.php:0
[22-Apr-2019 22:22:11 UTC] PHP   2. mysqli_real_escape_string() /home/ubuntu/workspace/Employee_table/edit.php:11
[22-Apr-2019 22:22:11 UTC] PHP Warning:  mysqli_real_escape_string() expects parameter 1 to be mysqli, null given in /home/ubuntu/workspace/Employee_table/edit.php on line 12
[22-Apr-2019 22:22:11 UTC] PHP Stack trace:
[22-Apr-2019 22:22:11 UTC] PHP   1. {main}() /home/ubuntu/workspace/Employee_table/edit.php:0
[22-Apr-2019 22:22:11 UTC] PHP   2. mysqli_real_escape_string() /home/ubuntu/workspace/Employee_table/edit.php:12
[22-Apr-2019 22:22:11 UTC] PHP Warning:  mysqli_real_escape_string() expects parameter 1 to be mysqli, null given in /home/ubuntu/workspace/Employee_table/edit.php on line 13
[22-Apr-2019 22:22:11 UTC] PHP Stack trace:
[22-Apr-2019 22:22:11 UTC] PHP   1. {main}() /home/ubuntu/workspace/Employee_table/edit.php:0
[22-Apr-2019 22:22:11 UTC] PHP   2. mysqli_real_escape_string() /home/ubuntu/workspace/Employee_table/edit.php:13
[22-Apr-2019 22:22:11 UTC] PHP Warning:  mysqli_real_escape_string() expects parameter 1 to be mysqli, null given in /home/ubuntu/workspace/Employee_table/edit.php on line 14
[22-Apr-2019 22:22:11 UTC] PHP Stack trace:
[22-Apr-2019 22:22:11 UTC] PHP   1. {main}() /home/ubuntu/workspace/Employee_table/edit.php:0
[22-Apr-2019 22:22:11 UTC] PHP   2. mysqli_real_escape_string() /home/ubuntu/workspace/Employee_table/edit.php:14
[22-Apr-2019 22:22:11 UTC] PHP Warning:  mysqli_query() expects parameter 1 to be mysqli, null given in /home/ubuntu/workspace/Employee_table/edit.php on line 50
[22-Apr-2019 22:22:11 UTC] PHP Stack trace:
[22-Apr-2019 22:22:11 UTC] PHP   1. {main}() /home/ubuntu/workspace/Employee_table/edit.php:0
[22-Apr-2019 22:22:11 UTC] PHP   2. mysqli_query() /home/ubuntu/workspace/Employee_table/edit.php:50
[22-Apr-2019 22:22:11 UTC] PHP Warning:  mysqli_fetch_array() expects parameter 1 to be mysqli_result, null given in /home/ubuntu/workspace/Employee_table/edit.php on line 52
[22-Apr-2019 22:22:11 UTC] PHP Stack trace:
[22-Apr-2019 22:22:11 UTC] PHP   1. {main}() /home/ubuntu/workspace/Employee_table/edit.php:0
[22-Apr-2019 22:22:11 UTC] PHP   2. mysqli_fetch_array() /home/ubuntu/workspace/Employee_table/edit.php:52
[22-Apr-2019 22:24:06 UTC] PHP Warning:  mysqli_fetch_array() expects parameter 1 to be mysqli_result, boolean given in /home/ubuntu/workspace/Employee_table/edit.php on line 52
[22-Apr-2019 22:24:06 UTC] PHP Stack trace:
[22-Apr-2019 22:24:06 UTC] PHP   1. {main}() /home/ubuntu/workspace/Employee_table/edit.php:0
[22-Apr-2019 22:24:06 UTC] PHP   2. mysqli_fetch_array() /home/ubuntu/workspace/Employee_table/edit.php:52
[22-Apr-2019 22:26:07 UTC] PHP Warning:  mysqli_fetch_array() expects parameter 1 to be mysqli_result, boolean given in /home/ubuntu/workspace/Employee_table/edit.php on line 52
[22-Apr-2019 22:26:07 UTC] PHP Stack trace:
[22-Apr-2019 22:26:07 UTC] PHP   1. {main}() /home/ubuntu/workspace/Employee_table/edit.php:0
[22-Apr-2019 22:26:07 UTC] PHP   2. mysqli_fetch_array() /home/ubuntu/workspace/Employee_table/edit.php:52
[22-Apr-2019 22:26:13 UTC] PHP Warning:  mysqli_fetch_array() expects parameter 1 to be mysqli_result, boolean given in /home/ubuntu/workspace/Employee_table/edit.php on line 52
[22-Apr-2019 22:26:13 UTC] PHP Stack trace:
[22-Apr-2019 22:26:13 UTC] PHP   1. {main}() /home/ubuntu/workspace/Employee_table/edit.php:0
[22-Apr-2019 22:26:13 UTC] PHP   2. mysqli_fetch_array() /home/ubuntu/workspace/Employee_table/edit.php:52
[22-Apr-2019 22:27:35 UTC] PHP Warning:  mysqli_fetch_array() expects parameter 1 to be mysqli_result, boolean given in /home/ubuntu/workspace/Employee_table/edit.php on line 52
[22-Apr-2019 22:27:35 UTC] PHP Stack trace:
[22-Apr-2019 22:27:35 UTC] PHP   1. {main}() /home/ubuntu/workspace/Employee_table/edit.php:0
[22-Apr-2019 22:27:35 UTC] PHP   2. mysqli_fetch_array() /home/ubuntu/workspace/Employee_table/edit.php:52
[22-Apr-2019 22:28:30 UTC] PHP Warning:  mysqli_fetch_array() expects parameter 1 to be mysqli_result, boolean given in /home/ubuntu/workspace/Employee_table/edit.php on line 52
[22-Apr-2019 22:28:30 UTC] PHP Stack trace:
[22-Apr-2019 22:28:30 UTC] PHP   1. {main}() /home/ubuntu/workspace/Employee_table/edit.php:0
[22-Apr-2019 22:28:30 UTC] PHP   2. mysqli_fetch_array() /home/ubuntu/workspace/Employee_table/edit.php:52
[22-Apr-2019 22:29:29 UTC] PHP Warning:  mysqli_fetch_array() expects parameter 1 to be mysqli_result, boolean given in /home/ubuntu/workspace/Employee_table/edit.php on line 52
[22-Apr-2019 22:29:29 UTC] PHP Stack trace:
[22-Apr-2019 22:29:29 UTC] PHP   1. {main}() /home/ubuntu/workspace/Employee_table/edit.php:0
[22-Apr-2019 22:29:29 UTC] PHP   2. mysqli_fetch_array() /home/ubuntu/workspace/Employee_table/edit.php:52
[22-Apr-2019 22:37:11 UTC] PHP Warning:  mysqli_fetch_array() expects parameter 1 to be mysqli_result, boolean given in /home/ubuntu/workspace/Employee_table/edit.php on line 52
[22-Apr-2019 22:37:11 UTC] PHP Stack trace:
[22-Apr-2019 22:37:11 UTC] PHP   1. {main}() /home/ubuntu/workspace/Employee_table/edit.php:0
[22-Apr-2019 22:37:11 UTC] PHP   2. mysqli_fetch_array() /home/ubuntu/workspace/Employee_table/edit.php:52
[22-Apr-2019 22:58:17 UTC] PHP Warning:  include_once(config.php): failed to open stream: No such file or directory in /home/ubuntu/workspace/Employee_table/add.php on line 9
[22-Apr-2019 22:58:17 UTC] PHP Stack trace:
[22-Apr-2019 22:58:17 UTC] PHP   1. {main}() /home/ubuntu/workspace/Employee_table/add.php:0
[22-Apr-2019 22:58:17 UTC] PHP Warning:  include_once(): Failed opening 'config.php' for inclusion (include_path='.:/usr/share/php:/usr/share/pear') in /home/ubuntu/workspace/Employee_table/add.php on line 9
[22-Apr-2019 22:58:17 UTC] PHP Stack trace:
[22-Apr-2019 22:58:17 UTC] PHP   1. {main}() /home/ubuntu/workspace/Employee_table/add.php:0
[22-Apr-2019 22:58:17 UTC] PHP Warning:  mysqli_real_escape_string() expects parameter 1 to be mysqli, null given in /home/ubuntu/workspace/Employee_table/add.php on line 12
[22-Apr-2019 22:58:17 UTC] PHP Stack trace:
[22-Apr-2019 22:58:17 UTC] PHP   1. {main}() /home/ubuntu/workspace/Employee_table/add.php:0
[22-Apr-2019 22:58:17 UTC] PHP   2. mysqli_real_escape_string() /home/ubuntu/workspace/Employee_table/add.php:12
[22-Apr-2019 22:58:17 UTC] PHP Warning:  mysqli_real_escape_string() expects parameter 1 to be mysqli, null given in /home/ubuntu/workspace/Employee_table/add.php on line 13
[22-Apr-2019 22:58:17 UTC] PHP Stack trace:
[22-Apr-2019 22:58:17 UTC] PHP   1. {main}() /home/ubuntu/workspace/Employee_table/add.php:0
[22-Apr-2019 22:58:17 UTC] PHP   2. mysqli_real_escape_string() /home/ubuntu/workspace/Employee_table/add.php:13
[22-Apr-2019 22:58:17 UTC] PHP Warning:  mysqli_real_escape_string() expects parameter 1 to be mysqli, null given in /home/ubuntu/workspace/Employee_table/add.php on line 14
[22-Apr-2019 22:58:17 UTC] PHP Stack trace:
[22-Apr-2019 22:58:17 UTC] PHP   1. {main}() /home/ubuntu/workspace/Employee_table/add.php:0
[22-Apr-2019 22:58:17 UTC] PHP   2. mysqli_real_escape_string() /home/ubuntu/workspace/Employee_table/add.php:14
[22-Apr-2019 22:58:17 UTC] PHP Warning:  mysqli_real_escape_string() expects parameter 1 to be mysqli, null given in /home/ubuntu/workspace/Employee_table/add.php on line 15
[22-Apr-2019 22:58:17 UTC] PHP Stack trace:
[22-Apr-2019 22:58:17 UTC] PHP   1. {main}() /home/ubuntu/workspace/Employee_table/add.php:0
[22-Apr-2019 22:58:17 UTC] PHP   2. mysqli_real_escape_string() /home/ubuntu/workspace/Employee_table/add.php:15
[22-Apr-2019 22:58:17 UTC] PHP Warning:  mysqli_real_escape_string() expects parameter 1 to be mysqli, null given in /home/ubuntu/workspace/Employee_table/add.php on line 16
[22-Apr-2019 22:58:17 UTC] PHP Stack trace:
[22-Apr-2019 22:58:17 UTC] PHP   1. {main}() /home/ubuntu/workspace/Employee_table/add.php:0
[22-Apr-2019 22:58:17 UTC] PHP   2. mysqli_real_escape_string() /home/ubuntu/workspace/Employee_table/add.php:16
[22-Apr-2019 22:58:49 UTC] PHP Warning:  include(config.php): failed to open stream: No such file or directory in /home/ubuntu/workspace/Employee_table/delete.php on line 3
[22-Apr-2019 22:58:49 UTC] PHP Stack trace:
[22-Apr-2019 22:58:49 UTC] PHP   1. {main}() /home/ubuntu/workspace/Employee_table/delete.php:0
[22-Apr-2019 22:58:49 UTC] PHP Warning:  include(): Failed opening 'config.php' for inclusion (include_path='.:/usr/share/php:/usr/share/pear') in /home/ubuntu/workspace/Employee_table/delete.php on line 3
[22-Apr-2019 22:58:49 UTC] PHP Stack trace:
[22-Apr-2019 22:58:49 UTC] PHP   1. {main}() /home/ubuntu/workspace/Employee_table/delete.php:0
[22-Apr-2019 22:58:49 UTC] PHP Warning:  mysqli_query() expects parameter 1 to be mysqli, null given in /home/ubuntu/workspace/Employee_table/delete.php on line 9
[22-Apr-2019 22:58:49 UTC] PHP Stack trace:
[22-Apr-2019 22:58:49 UTC] PHP   1. {main}() /home/ubuntu/workspace/Employee_table/delete.php:0
[22-Apr-2019 22:58:49 UTC] PHP   2. mysqli_query() /home/ubuntu/workspace/Employee_table/delete.php:9
[22-Apr-2019 22:58:55 UTC] PHP Warning:  include(config.php): failed to open stream: No such file or directory in /home/ubuntu/workspace/Employee_table/delete.php on line 3
[22-Apr-2019 22:58:55 UTC] PHP Stack trace:
[22-Apr-2019 22:58:55 UTC] PHP   1. {main}() /home/ubuntu/workspace/Employee_table/delete.php:0
[22-Apr-2019 22:58:55 UTC] PHP Warning:  include(): Failed opening 'config.php' for inclusion (include_path='.:/usr/share/php:/usr/share/pear') in /home/ubuntu/workspace/Employee_table/delete.php on line 3
[22-Apr-2019 22:58:55 UTC] PHP Stack trace:
[22-Apr-2019 22:58:55 UTC] PHP   1. {main}() /home/ubuntu/workspace/Employee_table/delete.php:0
[22-Apr-2019 22:58:55 UTC] PHP Warning:  mysqli_query() expects parameter 1 to be mysqli, null given in /home/ubuntu/workspace/Employee_table/delete.php on line 9
[22-Apr-2019 22:58:55 UTC] PHP Stack trace:
[22-Apr-2019 22:58:55 UTC] PHP   1. {main}() /home/ubuntu/workspace/Employee_table/delete.php:0
[22-Apr-2019 22:58:55 UTC] PHP   2. mysqli_query() /home/ubuntu/workspace/Employee_table/delete.php:9
[22-Apr-2019 23:05:58 UTC] PHP Warning:  include(config.php): failed to open stream: No such file or directory in /home/ubuntu/workspace/Employee_table/delete.php on line 3
[22-Apr-2019 23:05:58 UTC] PHP Stack trace:
[22-Apr-2019 23:05:58 UTC] PHP   1. {main}() /home/ubuntu/workspace/Employee_table/delete.php:0
[22-Apr-2019 23:05:58 UTC] PHP Warning:  include(): Failed opening 'config.php' for inclusion (include_path='.:/usr/share/php:/usr/share/pear') in /home/ubuntu/workspace/Employee_table/delete.php on line 3
[22-Apr-2019 23:05:58 UTC] PHP Stack trace:
[22-Apr-2019 23:05:58 UTC] PHP   1. {main}() /home/ubuntu/workspace/Employee_table/delete.php:0
[22-Apr-2019 23:05:58 UTC] PHP Warning:  mysqli_query() expects parameter 1 to be mysqli, null given in /home/ubuntu/workspace/Employee_table/delete.php on line 9
[22-Apr-2019 23:05:58 UTC] PHP Stack trace:
[22-Apr-2019 23:05:58 UTC] PHP   1. {main}() /home/ubuntu/workspace/Employee_table/delete.php:0
[22-Apr-2019 23:05:58 UTC] PHP   2. mysqli_query() /home/ubuntu/workspace/Employee_table/delete.php:9
[22-Apr-2019 23:06:04 UTC] PHP Warning:  include(config.php): failed to open stream: No such file or directory in /home/ubuntu/workspace/Employee_table/delete.php on line 3
[22-Apr-2019 23:06:04 UTC] PHP Stack trace:
[22-Apr-2019 23:06:04 UTC] PHP   1. {main}() /home/ubuntu/workspace/Employee_table/delete.php:0
[22-Apr-2019 23:06:04 UTC] PHP Warning:  include(): Failed opening 'config.php' for inclusion (include_path='.:/usr/share/php:/usr/share/pear') in /home/ubuntu/workspace/Employee_table/delete.php on line 3
[22-Apr-2019 23:06:04 UTC] PHP Stack trace:
[22-Apr-2019 23:06:04 UTC] PHP   1. {main}() /home/ubuntu/workspace/Employee_table/delete.php:0
[22-Apr-2019 23:06:04 UTC] PHP Warning:  mysqli_query() expects parameter 1 to be mysqli, null given in /home/ubuntu/workspace/Employee_table/delete.php on line 9
[22-Apr-2019 23:06:04 UTC] PHP Stack trace:
[22-Apr-2019 23:06:04 UTC] PHP   1. {main}() /home/ubuntu/workspace/Employee_table/delete.php:0
[22-Apr-2019 23:06:04 UTC] PHP   2. mysqli_query() /home/ubuntu/workspace/Employee_table/delete.php:9
[22-Apr-2019 23:06:08 UTC] PHP Warning:  include(config.php): failed to open stream: No such file or directory in /home/ubuntu/workspace/Employee_table/delete.php on line 3
[22-Apr-2019 23:06:08 UTC] PHP Stack trace:
[22-Apr-2019 23:06:08 UTC] PHP   1. {main}() /home/ubuntu/workspace/Employee_table/delete.php:0
[22-Apr-2019 23:06:08 UTC] PHP Warning:  include(): Failed opening 'config.php' for inclusion (include_path='.:/usr/share/php:/usr/share/pear') in /home/ubuntu/workspace/Employee_table/delete.php on line 3
[22-Apr-2019 23:06:08 UTC] PHP Stack trace:
[22-Apr-2019 23:06:08 UTC] PHP   1. {main}() /home/ubuntu/workspace/Employee_table/delete.php:0
[22-Apr-2019 23:06:08 UTC] PHP Warning:  mysqli_query() expects parameter 1 to be mysqli, null given in /home/ubuntu/workspace/Employee_table/delete.php on line 9
[22-Apr-2019 23:06:08 UTC] PHP Stack trace:
[22-Apr-2019 23:06:08 UTC] PHP   1. {main}() /home/ubuntu/workspace/Employee_table/delete.php:0
[22-Apr-2019 23:06:08 UTC] PHP   2. mysqli_query() /home/ubuntu/workspace/Employee_table/delete.php:9
[22-Apr-2019 23:06:13 UTC] PHP Warning:  include(config.php): failed to open stream: No such file or directory in /home/ubuntu/workspace/Employee_table/delete.php on line 3
[22-Apr-2019 23:06:13 UTC] PHP Stack trace:
[22-Apr-2019 23:06:13 UTC] PHP   1. {main}() /home/ubuntu/workspace/Employee_table/delete.php:0
[22-Apr-2019 23:06:13 UTC] PHP Warning:  include(): Failed opening 'config.php' for inclusion (include_path='.:/usr/share/php:/usr/share/pear') in /home/ubuntu/workspace/Employee_table/delete.php on line 3
[22-Apr-2019 23:06:13 UTC] PHP Stack trace:
[22-Apr-2019 23:06:13 UTC] PHP   1. {main}() /home/ubuntu/workspace/Employee_table/delete.php:0
[22-Apr-2019 23:06:13 UTC] PHP Warning:  mysqli_query() expects parameter 1 to be mysqli, null given in /home/ubuntu/workspace/Employee_table/delete.php on line 9
[22-Apr-2019 23:06:13 UTC] PHP Stack trace:
[22-Apr-2019 23:06:13 UTC] PHP   1. {main}() /home/ubuntu/workspace/Employee_table/delete.php:0
[22-Apr-2019 23:06:13 UTC] PHP   2. mysqli_query() /home/ubuntu/workspace/Employee_table/delete.php:9
[22-Apr-2019 23:06:31 UTC] PHP Warning:  mysqli_fetch_array() expects parameter 1 to be mysqli_result, boolean given in /home/ubuntu/workspace/Employee_table/edit.php on line 52
[22-Apr-2019 23:06:31 UTC] PHP Stack trace:
[22-Apr-2019 23:06:31 UTC] PHP   1. {main}() /home/ubuntu/workspace/Employee_table/edit.php:0
[22-Apr-2019 23:06:31 UTC] PHP   2. mysqli_fetch_array() /home/ubuntu/workspace/Employee_table/edit.php:52
[22-Apr-2019 23:07:00 UTC] PHP Warning:  mysqli_fetch_array() expects parameter 1 to be mysqli_result, boolean given in /home/ubuntu/workspace/Employee_table/edit.php on line 52
[22-Apr-2019 23:07:00 UTC] PHP Stack trace:
[22-Apr-2019 23:07:00 UTC] PHP   1. {main}() /home/ubuntu/workspace/Employee_table/edit.php:0
[22-Apr-2019 23:07:00 UTC] PHP   2. mysqli_fetch_array() /home/ubuntu/workspace/Employee_table/edit.php:52
[22-Apr-2019 23:07:06 UTC] PHP Warning:  mysqli_fetch_array() expects parameter 1 to be mysqli_result, boolean given in /home/ubuntu/workspace/Employee_table/edit.php on line 52
[22-Apr-2019 23:07:06 UTC] PHP Stack trace:
[22-Apr-2019 23:07:06 UTC] PHP   1. {main}() /home/ubuntu/workspace/Employee_table/edit.php:0
[22-Apr-2019 23:07:06 UTC] PHP   2. mysqli_fetch_array() /home/ubuntu/workspace/Employee_table/edit.php:52
[22-Apr-2019 23:08:31 UTC] PHP Warning:  mysqli_fetch_array() expects parameter 1 to be mysqli_result, boolean given in /home/ubuntu/workspace/Employee_table/edit.php on line 52
[22-Apr-2019 23:08:31 UTC] PHP Stack trace:
[22-Apr-2019 23:08:31 UTC] PHP   1. {main}() /home/ubuntu/workspace/Employee_table/edit.php:0
[22-Apr-2019 23:08:31 UTC] PHP   2. mysqli_fetch_array() /home/ubuntu/workspace/Employee_table/edit.php:52
[22-Apr-2019 23:09:25 UTC] PHP Warning:  mysqli_fetch_array() expects parameter 1 to be mysqli_result, boolean given in /home/ubuntu/workspace/Employee_table/edit.php on line 52
[22-Apr-2019 23:09:25 UTC] PHP Stack trace:
[22-Apr-2019 23:09:25 UTC] PHP   1. {main}() /home/ubuntu/workspace/Employee_table/edit.php:0
[22-Apr-2019 23:09:25 UTC] PHP   2. mysqli_fetch_array() /home/ubuntu/workspace/Employee_table/edit.php:52
[22-Apr-2019 23:09:35 UTC] PHP Warning:  mysqli_fetch_array() expects parameter 1 to be mysqli_result, boolean given in /home/ubuntu/workspace/Employee_table/edit.php on line 52
[22-Apr-2019 23:09:35 UTC] PHP Stack trace:
[22-Apr-2019 23:09:35 UTC] PHP   1. {main}() /home/ubuntu/workspace/Employee_table/edit.php:0
[22-Apr-2019 23:09:35 UTC] PHP   2. mysqli_fetch_array() /home/ubuntu/workspace/Employee_table/edit.php:52
[22-Apr-2019 23:10:40 UTC] PHP Warning:  mysqli_fetch_array() expects parameter 1 to be mysqli_result, boolean given in /home/ubuntu/workspace/Employee_table/edit.php on line 52
[22-Apr-2019 23:10:40 UTC] PHP Stack trace:
[22-Apr-2019 23:10:40 UTC] PHP   1. {main}() /home/ubuntu/workspace/Employee_table/edit.php:0
[22-Apr-2019 23:10:40 UTC] PHP   2. mysqli_fetch_array() /home/ubuntu/workspace/Employee_table/edit.php:52
[22-Apr-2019 23:10:45 UTC] PHP Warning:  mysqli_fetch_array() expects parameter 1 to be mysqli_result, boolean given in /home/ubuntu/workspace/Employee_table/edit.php on line 52
[22-Apr-2019 23:10:45 UTC] PHP Stack trace:
[22-Apr-2019 23:10:45 UTC] PHP   1. {main}() /home/ubuntu/workspace/Employee_table/edit.php:0
[22-Apr-2019 23:10:45 UTC] PHP   2. mysqli_fetch_array() /home/ubuntu/workspace/Employee_table/edit.php:52
[22-Apr-2019 23:11:27 UTC] PHP Warning:  include_once(config.php): failed to open stream: No such file or directory in /home/ubuntu/workspace/Employee_table/edit.php on line 3
[22-Apr-2019 23:11:27 UTC] PHP Stack trace:
[22-Apr-2019 23:11:27 UTC] PHP   1. {main}() /home/ubuntu/workspace/Employee_table/edit.php:0
[22-Apr-2019 23:11:27 UTC] PHP Warning:  include_once(): Failed opening 'config.php' for inclusion (include_path='.:/usr/share/php:/usr/share/pear') in /home/ubuntu/workspace/Employee_table/edit.php on line 3
[22-Apr-2019 23:11:27 UTC] PHP Stack trace:
[22-Apr-2019 23:11:27 UTC] PHP   1. {main}() /home/ubuntu/workspace/Employee_table/edit.php:0
[22-Apr-2019 23:11:27 UTC] PHP Warning:  mysqli_query() expects parameter 1 to be mysqli, null given in /home/ubuntu/workspace/Employee_table/edit.php on line 50
[22-Apr-2019 23:11:27 UTC] PHP Stack trace:
[22-Apr-2019 23:11:27 UTC] PHP   1. {main}() /home/ubuntu/workspace/Employee_table/edit.php:0
[22-Apr-2019 23:11:27 UTC] PHP   2. mysqli_query() /home/ubuntu/workspace/Employee_table/edit.php:50
[22-Apr-2019 23:11:27 UTC] PHP Warning:  mysqli_fetch_array() expects parameter 1 to be mysqli_result, null given in /home/ubuntu/workspace/Employee_table/edit.php on line 52
[22-Apr-2019 23:11:27 UTC] PHP Stack trace:
[22-Apr-2019 23:11:27 UTC] PHP   1. {main}() /home/ubuntu/workspace/Employee_table/edit.php:0
[22-Apr-2019 23:11:27 UTC] PHP   2. mysqli_fetch_array() /home/ubuntu/workspace/Employee_table/edit.php:52
[22-Apr-2019 23:11:36 UTC] PHP Warning:  mysqli_fetch_array() expects parameter 1 to be mysqli_result, boolean given in /home/ubuntu/workspace/Employee_table/edit.php on line 52
[22-Apr-2019 23:11:36 UTC] PHP Stack trace:
[22-Apr-2019 23:11:36 UTC] PHP   1. {main}() /home/ubuntu/workspace/Employee_table/edit.php:0
[22-Apr-2019 23:11:36 UTC] PHP   2. mysqli_fetch_array() /home/ubuntu/workspace/Employee_table/edit.php:52
[22-Apr-2019 23:14:26 UTC] PHP Warning:  mysqli_fetch_array() expects parameter 1 to be mysqli_result, boolean given in /home/ubuntu/workspace/Employee_table/edit.php on line 52
[22-Apr-2019 23:14:26 UTC] PHP Stack trace:
[22-Apr-2019 23:14:26 UTC] PHP   1. {main}() /home/ubuntu/workspace/Employee_table/edit.php:0
[22-Apr-2019 23:14:26 UTC] PHP   2. mysqli_fetch_array() /home/ubuntu/workspace/Employee_table/edit.php:52
[22-Apr-2019 23:18:11 UTC] PHP Warning:  mysqli_fetch_array() expects parameter 1 to be mysqli_result, boolean given in /home/ubuntu/workspace/Employee_table/edit.php on line 52
[22-Apr-2019 23:18:11 UTC] PHP Stack trace:
[22-Apr-2019 23:18:11 UTC] PHP   1. {main}() /home/ubuntu/workspace/Employee_table/edit.php:0
[22-Apr-2019 23:18:11 UTC] PHP   2. mysqli_fetch_array() /home/ubuntu/workspace/Employee_table/edit.php:52
[22-Apr-2019 23:19:19 UTC] PHP Warning:  mysqli_fetch_array() expects parameter 1 to be mysqli_result, boolean given in /home/ubuntu/workspace/Employee_table/edit.php on line 52
[22-Apr-2019 23:19:19 UTC] PHP Stack trace:
[22-Apr-2019 23:19:19 UTC] PHP   1. {main}() /home/ubuntu/workspace/Employee_table/edit.php:0
[22-Apr-2019 23:19:19 UTC] PHP   2. mysqli_fetch_array() /home/ubuntu/workspace/Employee_table/edit.php:52
[22-Apr-2019 23:19:32 UTC] PHP Warning:  mysqli_fetch_array() expects parameter 1 to be mysqli_result, boolean given in /home/ubuntu/workspace/Employee_table/edit.php on line 52
[22-Apr-2019 23:19:32 UTC] PHP Stack trace:
[22-Apr-2019 23:19:32 UTC] PHP   1. {main}() /home/ubuntu/workspace/Employee_table/edit.php:0
[22-Apr-2019 23:19:32 UTC] PHP   2. mysqli_fetch_array() /home/ubuntu/workspace/Employee_table/edit.php:52
[22-Apr-2019 23:20:19 UTC] PHP Warning:  mysqli_fetch_array() expects parameter 1 to be mysqli_result, boolean given in /home/ubuntu/workspace/Employee_table/edit.php on line 52
[22-Apr-2019 23:20:19 UTC] PHP Stack trace:
[22-Apr-2019 23:20:19 UTC] PHP   1. {main}() /home/ubuntu/workspace/Employee_table/edit.php:0
[22-Apr-2019 23:20:19 UTC] PHP   2. mysqli_fetch_array() /home/ubuntu/workspace/Employee_table/edit.php:52
[22-Apr-2019 23:26:15 UTC] PHP Warning:  mysqli_fetch_array() expects parameter 1 to be mysqli_result, boolean given in /home/ubuntu/workspace/Employee_table/edit.php on line 52
[22-Apr-2019 23:26:15 UTC] PHP Stack trace:
[22-Apr-2019 23:26:15 UTC] PHP   1. {main}() /home/ubuntu/workspace/Employee_table/edit.php:0
[22-Apr-2019 23:26:15 UTC] PHP   2. mysqli_fetch_array() /home/ubuntu/workspace/Employee_table/edit.php:52
[22-Apr-2019 23:26:20 UTC] PHP Warning:  mysqli_fetch_array() expects parameter 1 to be mysqli_result, boolean given in /home/ubuntu/workspace/Employee_table/edit.php on line 52
[22-Apr-2019 23:26:20 UTC] PHP Stack trace:
[22-Apr-2019 23:26:20 UTC] PHP   1. {main}() /home/ubuntu/workspace/Employee_table/edit.php:0
[22-Apr-2019 23:26:20 UTC] PHP   2. mysqli_fetch_array() /home/ubuntu/workspace/Employee_table/edit.php:52
[22-Apr-2019 23:26:59 UTC] PHP Warning:  mysqli_fetch_array() expects parameter 1 to be mysqli_result, boolean given in /home/ubuntu/workspace/Employee_table/edit.php on line 52
[22-Apr-2019 23:26:59 UTC] PHP Stack trace:
[22-Apr-2019 23:26:59 UTC] PHP   1. {main}() /home/ubuntu/workspace/Employee_table/edit.php:0
[22-Apr-2019 23:26:59 UTC] PHP   2. mysqli_fetch_array() /home/ubuntu/workspace/Employee_table/edit.php:52
[23-Apr-2019 16:11:45 UTC] PHP Warning:  mysqli_fetch_array() expects parameter 1 to be mysqli_result, boolean given in /home/ubuntu/workspace/Employee_table/edit.php on line 52
[23-Apr-2019 16:11:45 UTC] PHP Stack trace:
[23-Apr-2019 16:11:45 UTC] PHP   1. {main}() /home/ubuntu/workspace/Employee_table/edit.php:0
[23-Apr-2019 16:11:45 UTC] PHP   2. mysqli_fetch_array() /home/ubuntu/workspace/Employee_table/edit.php:52
[23-Apr-2019 16:23:21 UTC] PHP Warning:  include_once(config.php): failed to open stream: No such file or directory in /home/ubuntu/workspace/Department_table/index.php on line 22
[23-Apr-2019 16:23:21 UTC] PHP Stack trace:
[23-Apr-2019 16:23:21 UTC] PHP   1. {main}() /home/ubuntu/workspace/Department_table/index.php:0
[23-Apr-2019 16:23:21 UTC] PHP Warning:  include_once(): Failed opening 'config.php' for inclusion (include_path='.:/usr/share/php:/usr/share/pear') in /home/ubuntu/workspace/Department_table/index.php on line 22
[23-Apr-2019 16:23:21 UTC] PHP Stack trace:
[23-Apr-2019 16:23:21 UTC] PHP   1. {main}() /home/ubuntu/workspace/Department_table/index.php:0
[23-Apr-2019 16:23:21 UTC] PHP Warning:  mysqli_query() expects parameter 1 to be mysqli, null given in /home/ubuntu/workspace/Department_table/index.php on line 25
[23-Apr-2019 16:23:21 UTC] PHP Stack trace:
[23-Apr-2019 16:23:21 UTC] PHP   1. {main}() /home/ubuntu/workspace/Department_table/index.php:0
[23-Apr-2019 16:23:21 UTC] PHP   2. mysqli_query() /home/ubuntu/workspace/Department_table/index.php:25
[23-Apr-2019 16:23:21 UTC] PHP Warning:  mysqli_fetch_array() expects parameter 1 to be mysqli_result, null given in /home/ubuntu/workspace/Department_table/index.php on line 27
[23-Apr-2019 16:23:21 UTC] PHP Stack trace:
[23-Apr-2019 16:23:21 UTC] PHP   1. {main}() /home/ubuntu/workspace/Department_table/index.php:0
[23-Apr-2019 16:23:21 UTC] PHP   2. mysqli_fetch_array() /home/ubuntu/workspace/Department_table/index.php:27
[23-Apr-2019 16:26:29 UTC] PHP Warning:  include_once(config.php): failed to open stream: No such file or directory in /home/ubuntu/workspace/Department_table/add.php on line 9
[23-Apr-2019 16:26:29 UTC] PHP Stack trace:
[23-Apr-2019 16:26:29 UTC] PHP   1. {main}() /home/ubuntu/workspace/Department_table/add.php:0
[23-Apr-2019 16:26:29 UTC] PHP Warning:  include_once(): Failed opening 'config.php' for inclusion (include_path='.:/usr/share/php:/usr/share/pear') in /home/ubuntu/workspace/Department_table/add.php on line 9
[23-Apr-2019 16:26:29 UTC] PHP Stack trace:
[23-Apr-2019 16:26:29 UTC] PHP   1. {main}() /home/ubuntu/workspace/Department_table/add.php:0
[23-Apr-2019 16:26:29 UTC] PHP Warning:  mysqli_real_escape_string() expects parameter 1 to be mysqli, null given in /home/ubuntu/workspace/Department_table/add.php on line 12
[23-Apr-2019 16:26:29 UTC] PHP Stack trace:
[23-Apr-2019 16:26:29 UTC] PHP   1. {main}() /home/ubuntu/workspace/Department_table/add.php:0
[23-Apr-2019 16:26:29 UTC] PHP   2. mysqli_real_escape_string() /home/ubuntu/workspace/Department_table/add.php:12
[23-Apr-2019 16:26:29 UTC] PHP Warning:  mysqli_real_escape_string() expects parameter 1 to be mysqli, null given in /home/ubuntu/workspace/Department_table/add.php on line 13
[23-Apr-2019 16:26:29 UTC] PHP Stack trace:
[23-Apr-2019 16:26:29 UTC] PHP   1. {main}() /home/ubuntu/workspace/Department_table/add.php:0
[23-Apr-2019 16:26:29 UTC] PHP   2. mysqli_real_escape_string() /home/ubuntu/workspace/Department_table/add.php:13
[23-Apr-2019 16:26:29 UTC] PHP Warning:  mysqli_real_escape_string() expects parameter 1 to be mysqli, null given in /home/ubuntu/workspace/Department_table/add.php on line 14
[23-Apr-2019 16:26:29 UTC] PHP Stack trace:
[23-Apr-2019 16:26:29 UTC] PHP   1. {main}() /home/ubuntu/workspace/Department_table/add.php:0
[23-Apr-2019 16:26:29 UTC] PHP   2. mysqli_real_escape_string() /home/ubuntu/workspace/Department_table/add.php:14
[23-Apr-2019 16:29:25 UTC] PHP Warning:  include_once(config.php): failed to open stream: No such file or directory in /home/ubuntu/workspace/Department_table/add.php on line 9
[23-Apr-2019 16:29:25 UTC] PHP Stack trace:
[23-Apr-2019 16:29:25 UTC] PHP   1. {main}() /home/ubuntu/workspace/Department_table/add.php:0
[23-Apr-2019 16:29:25 UTC] PHP Warning:  include_once(): Failed opening 'config.php' for inclusion (include_path='.:/usr/share/php:/usr/share/pear') in /home/ubuntu/workspace/Department_table/add.php on line 9
[23-Apr-2019 16:29:25 UTC] PHP Stack trace:
[23-Apr-2019 16:29:25 UTC] PHP   1. {main}() /home/ubuntu/workspace/Department_table/add.php:0
[23-Apr-2019 16:29:25 UTC] PHP Warning:  mysqli_real_escape_string() expects parameter 1 to be mysqli, null given in /home/ubuntu/workspace/Department_table/add.php on line 12
[23-Apr-2019 16:29:25 UTC] PHP Stack trace:
[23-Apr-2019 16:29:25 UTC] PHP   1. {main}() /home/ubuntu/workspace/Department_table/add.php:0
[23-Apr-2019 16:29:25 UTC] PHP   2. mysqli_real_escape_string() /home/ubuntu/workspace/Department_table/add.php:12
[23-Apr-2019 16:34:28 UTC] PHP Warning:  include_once(config.php): failed to open stream: No such file or directory in /home/ubuntu/workspace/Department_table/edit.php on line 3
[23-Apr-2019 16:34:28 UTC] PHP Stack trace:
[23-Apr-2019 16:34:28 UTC] PHP   1. {main}() /home/ubuntu/workspace/Department_table/edit.php:0
[23-Apr-2019 16:34:28 UTC] PHP Warning:  include_once(): Failed opening 'config.php' for inclusion (include_path='.:/usr/share/php:/usr/share/pear') in /home/ubuntu/workspace/Department_table/edit.php on line 3
[23-Apr-2019 16:34:28 UTC] PHP Stack trace:
[23-Apr-2019 16:34:28 UTC] PHP   1. {main}() /home/ubuntu/workspace/Department_table/edit.php:0
[23-Apr-2019 16:34:28 UTC] PHP Warning:  mysqli_query() expects parameter 1 to be mysqli, null given in /home/ubuntu/workspace/Department_table/edit.php on line 34
[23-Apr-2019 16:34:28 UTC] PHP Stack trace:
[23-Apr-2019 16:34:28 UTC] PHP   1. {main}() /home/ubuntu/workspace/Department_table/edit.php:0
[23-Apr-2019 16:34:28 UTC] PHP   2. mysqli_query() /home/ubuntu/workspace/Department_table/edit.php:34
[23-Apr-2019 16:34:28 UTC] PHP Warning:  mysqli_fetch_array() expects parameter 1 to be mysqli_result, null given in /home/ubuntu/workspace/Department_table/edit.php on line 36
[23-Apr-2019 16:34:28 UTC] PHP Stack trace:
[23-Apr-2019 16:34:28 UTC] PHP   1. {main}() /home/ubuntu/workspace/Department_table/edit.php:0
[23-Apr-2019 16:34:28 UTC] PHP   2. mysqli_fetch_array() /home/ubuntu/workspace/Department_table/edit.php:36
[23-Apr-2019 16:34:37 UTC] PHP Warning:  mysqli_fetch_array() expects parameter 1 to be mysqli_result, boolean given in /home/ubuntu/workspace/Department_table/edit.php on line 36
[23-Apr-2019 16:34:37 UTC] PHP Stack trace:
[23-Apr-2019 16:34:37 UTC] PHP   1. {main}() /home/ubuntu/workspace/Department_table/edit.php:0
[23-Apr-2019 16:34:37 UTC] PHP   2. mysqli_fetch_array() /home/ubuntu/workspace/Department_table/edit.php:36
[23-Apr-2019 16:34:56 UTC] PHP Warning:  mysqli_fetch_array() expects parameter 1 to be mysqli_result, boolean given in /home/ubuntu/workspace/Department_table/edit.php on line 36
[23-Apr-2019 16:34:56 UTC] PHP Stack trace:
[23-Apr-2019 16:34:56 UTC] PHP   1. {main}() /home/ubuntu/workspace/Department_table/edit.php:0
[23-Apr-2019 16:34:56 UTC] PHP   2. mysqli_fetch_array() /home/ubuntu/workspace/Department_table/edit.php:36
[23-Apr-2019 16:34:57 UTC] PHP Warning:  mysqli_fetch_array() expects parameter 1 to be mysqli_result, boolean given in /home/ubuntu/workspace/Department_table/edit.php on line 36
[23-Apr-2019 16:34:57 UTC] PHP Stack trace:
[23-Apr-2019 16:34:57 UTC] PHP   1. {main}() /home/ubuntu/workspace/Department_table/edit.php:0
[23-Apr-2019 16:34:57 UTC] PHP   2. mysqli_fetch_array() /home/ubuntu/workspace/Department_table/edit.php:36
[23-Apr-2019 16:34:57 UTC] PHP Warning:  mysqli_fetch_array() expects parameter 1 to be mysqli_result, boolean given in /home/ubuntu/workspace/Department_table/edit.php on line 36
[23-Apr-2019 16:34:57 UTC] PHP Stack trace:
[23-Apr-2019 16:34:57 UTC] PHP   1. {main}() /home/ubuntu/workspace/Department_table/edit.php:0
[23-Apr-2019 16:34:57 UTC] PHP   2. mysqli_fetch_array() /home/ubuntu/workspace/Department_table/edit.php:36
[23-Apr-2019 16:35:22 UTC] PHP Warning:  mysqli_fetch_array() expects parameter 1 to be mysqli_result, boolean given in /home/ubuntu/workspace/Department_table/edit.php on line 36
[23-Apr-2019 16:35:22 UTC] PHP Stack trace:
[23-Apr-2019 16:35:22 UTC] PHP   1. {main}() /home/ubuntu/workspace/Department_table/edit.php:0
[23-Apr-2019 16:35:22 UTC] PHP   2. mysqli_fetch_array() /home/ubuntu/workspace/Department_table/edit.php:36
[23-Apr-2019 16:35:23 UTC] PHP Warning:  mysqli_fetch_array() expects parameter 1 to be mysqli_result, boolean given in /home/ubuntu/workspace/Department_table/edit.php on line 36
[23-Apr-2019 16:35:23 UTC] PHP Stack trace:
[23-Apr-2019 16:35:23 UTC] PHP   1. {main}() /home/ubuntu/workspace/Department_table/edit.php:0
[23-Apr-2019 16:35:23 UTC] PHP   2. mysqli_fetch_array() /home/ubuntu/workspace/Department_table/edit.php:36
[23-Apr-2019 16:35:23 UTC] PHP Warning:  mysqli_fetch_array() expects parameter 1 to be mysqli_result, boolean given in /home/ubuntu/workspace/Department_table/edit.php on line 36
[23-Apr-2019 16:35:23 UTC] PHP Stack trace:
[23-Apr-2019 16:35:23 UTC] PHP   1. {main}() /home/ubuntu/workspace/Department_table/edit.php:0
[23-Apr-2019 16:35:23 UTC] PHP   2. mysqli_fetch_array() /home/ubuntu/workspace/Department_table/edit.php:36
[23-Apr-2019 16:35:23 UTC] PHP Warning:  mysqli_fetch_array() expects parameter 1 to be mysqli_result, boolean given in /home/ubuntu/workspace/Department_table/edit.php on line 36
[23-Apr-2019 16:35:23 UTC] PHP Stack trace:
[23-Apr-2019 16:35:23 UTC] PHP   1. {main}() /home/ubuntu/workspace/Department_table/edit.php:0
[23-Apr-2019 16:35:23 UTC] PHP   2. mysqli_fetch_array() /home/ubuntu/workspace/Department_table/edit.php:36
[23-Apr-2019 16:35:40 UTC] PHP Warning:  mysqli_fetch_array() expects parameter 1 to be mysqli_result, boolean given in /home/ubuntu/workspace/Department_table/edit.php on line 36
[23-Apr-2019 16:35:40 UTC] PHP Stack trace:
[23-Apr-2019 16:35:40 UTC] PHP   1. {main}() /home/ubuntu/workspace/Department_table/edit.php:0
[23-Apr-2019 16:35:40 UTC] PHP   2. mysqli_fetch_array() /home/ubuntu/workspace/Department_table/edit.php:36
[23-Apr-2019 16:35:41 UTC] PHP Warning:  mysqli_fetch_array() expects parameter 1 to be mysqli_result, boolean given in /home/ubuntu/workspace/Department_table/edit.php on line 36
[23-Apr-2019 16:35:41 UTC] PHP Stack trace:
[23-Apr-2019 16:35:41 UTC] PHP   1. {main}() /home/ubuntu/workspace/Department_table/edit.php:0
[23-Apr-2019 16:35:41 UTC] PHP   2. mysqli_fetch_array() /home/ubuntu/workspace/Department_table/edit.php:36
[23-Apr-2019 16:35:41 UTC] PHP Warning:  mysqli_fetch_array() expects parameter 1 to be mysqli_result, boolean given in /home/ubuntu/workspace/Department_table/edit.php on line 36
[23-Apr-2019 16:35:41 UTC] PHP Stack trace:
[23-Apr-2019 16:35:41 UTC] PHP   1. {main}() /home/ubuntu/workspace/Department_table/edit.php:0
[23-Apr-2019 16:35:41 UTC] PHP   2. mysqli_fetch_array() /home/ubuntu/workspace/Department_table/edit.php:36
[23-Apr-2019 16:35:41 UTC] PHP Warning:  mysqli_fetch_array() expects parameter 1 to be mysqli_result, boolean given in /home/ubuntu/workspace/Department_table/edit.php on line 36
[23-Apr-2019 16:35:41 UTC] PHP Stack trace:
[23-Apr-2019 16:35:41 UTC] PHP   1. {main}() /home/ubuntu/workspace/Department_table/edit.php:0
[23-Apr-2019 16:35:41 UTC] PHP   2. mysqli_fetch_array() /home/ubuntu/workspace/Department_table/edit.php:36
[23-Apr-2019 16:35:52 UTC] PHP Warning:  mysqli_fetch_array() expects parameter 1 to be mysqli_result, boolean given in /home/ubuntu/workspace/Department_table/edit.php on line 36
[23-Apr-2019 16:35:52 UTC] PHP Stack trace:
[23-Apr-2019 16:35:52 UTC] PHP   1. {main}() /home/ubuntu/workspace/Department_table/edit.php:0
[23-Apr-2019 16:35:52 UTC] PHP   2. mysqli_fetch_array() /home/ubuntu/workspace/Department_table/edit.php:36
[23-Apr-2019 16:35:55 UTC] PHP Warning:  mysqli_fetch_array() expects parameter 1 to be mysqli_result, boolean given in /home/ubuntu/workspace/Department_table/edit.php on line 36
[23-Apr-2019 16:35:55 UTC] PHP Stack trace:
[23-Apr-2019 16:35:55 UTC] PHP   1. {main}() /home/ubuntu/workspace/Department_table/edit.php:0
[23-Apr-2019 16:35:55 UTC] PHP   2. mysqli_fetch_array() /home/ubuntu/workspace/Department_table/edit.php:36
[23-Apr-2019 16:36:15 UTC] PHP Warning:  mysqli_fetch_array() expects parameter 1 to be mysqli_result, boolean given in /home/ubuntu/workspace/Department_table/edit.php on line 36
[23-Apr-2019 16:36:15 UTC] PHP Stack trace:
[23-Apr-2019 16:36:15 UTC] PHP   1. {main}() /home/ubuntu/workspace/Department_table/edit.php:0
[23-Apr-2019 16:36:15 UTC] PHP   2. mysqli_fetch_array() /home/ubuntu/workspace/Department_table/edit.php:36
[23-Apr-2019 16:36:16 UTC] PHP Warning:  mysqli_fetch_array() expects parameter 1 to be mysqli_result, boolean given in /home/ubuntu/workspace/Department_table/edit.php on line 36
[23-Apr-2019 16:36:16 UTC] PHP Stack trace:
[23-Apr-2019 16:36:16 UTC] PHP   1. {main}() /home/ubuntu/workspace/Department_table/edit.php:0
[23-Apr-2019 16:36:16 UTC] PHP   2. mysqli_fetch_array() /home/ubuntu/workspace/Department_table/edit.php:36
[23-Apr-2019 16:36:16 UTC] PHP Warning:  mysqli_fetch_array() expects parameter 1 to be mysqli_result, boolean given in /home/ubuntu/workspace/Department_table/edit.php on line 36
[23-Apr-2019 16:36:16 UTC] PHP Stack trace:
[23-Apr-2019 16:36:16 UTC] PHP   1. {main}() /home/ubuntu/workspace/Department_table/edit.php:0
[23-Apr-2019 16:36:16 UTC] PHP   2. mysqli_fetch_array() /home/ubuntu/workspace/Department_table/edit.php:36
[23-Apr-2019 16:36:16 UTC] PHP Warning:  mysqli_fetch_array() expects parameter 1 to be mysqli_result, boolean given in /home/ubuntu/workspace/Department_table/edit.php on line 36
[23-Apr-2019 16:36:16 UTC] PHP Stack trace:
[23-Apr-2019 16:36:16 UTC] PHP   1. {main}() /home/ubuntu/workspace/Department_table/edit.php:0
[23-Apr-2019 16:36:16 UTC] PHP   2. mysqli_fetch_array() /home/ubuntu/workspace/Department_table/edit.php:36
[23-Apr-2019 16:36:16 UTC] PHP Warning:  mysqli_fetch_array() expects parameter 1 to be mysqli_result, boolean given in /home/ubuntu/workspace/Department_table/edit.php on line 36
[23-Apr-2019 16:36:16 UTC] PHP Stack trace:
[23-Apr-2019 16:36:16 UTC] PHP   1. {main}() /home/ubuntu/workspace/Department_table/edit.php:0
[23-Apr-2019 16:36:16 UTC] PHP   2. mysqli_fetch_array() /home/ubuntu/workspace/Department_table/edit.php:36
[23-Apr-2019 16:36:17 UTC] PHP Warning:  mysqli_fetch_array() expects parameter 1 to be mysqli_result, boolean given in /home/ubuntu/workspace/Department_table/edit.php on line 36
[23-Apr-2019 16:36:17 UTC] PHP Stack trace:
[23-Apr-2019 16:36:17 UTC] PHP   1. {main}() /home/ubuntu/workspace/Department_table/edit.php:0
[23-Apr-2019 16:36:17 UTC] PHP   2. mysqli_fetch_array() /home/ubuntu/workspace/Department_table/edit.php:36
[23-Apr-2019 16:36:17 UTC] PHP Warning:  mysqli_fetch_array() expects parameter 1 to be mysqli_result, boolean given in /home/ubuntu/workspace/Department_table/edit.php on line 36
[23-Apr-2019 16:36:17 UTC] PHP Stack trace:
[23-Apr-2019 16:36:17 UTC] PHP   1. {main}() /home/ubuntu/workspace/Department_table/edit.php:0
[23-Apr-2019 16:36:17 UTC] PHP   2. mysqli_fetch_array() /home/ubuntu/workspace/Department_table/edit.php:36
[23-Apr-2019 16:37:28 UTC] PHP Warning:  mysqli_fetch_array() expects parameter 1 to be mysqli_result, boolean given in /home/ubuntu/workspace/Department_table/edit.php on line 36
[23-Apr-2019 16:37:28 UTC] PHP Stack trace:
[23-Apr-2019 16:37:28 UTC] PHP   1. {main}() /home/ubuntu/workspace/Department_table/edit.php:0
[23-Apr-2019 16:37:28 UTC] PHP   2. mysqli_fetch_array() /home/ubuntu/workspace/Department_table/edit.php:36
[23-Apr-2019 16:37:28 UTC] PHP Warning:  mysqli_fetch_array() expects parameter 1 to be mysqli_result, boolean given in /home/ubuntu/workspace/Department_table/edit.php on line 36
[23-Apr-2019 16:37:28 UTC] PHP Stack trace:
[23-Apr-2019 16:37:28 UTC] PHP   1. {main}() /home/ubuntu/workspace/Department_table/edit.php:0
[23-Apr-2019 16:37:28 UTC] PHP   2. mysqli_fetch_array() /home/ubuntu/workspace/Department_table/edit.php:36
[23-Apr-2019 16:37:28 UTC] PHP Warning:  mysqli_fetch_array() expects parameter 1 to be mysqli_result, boolean given in /home/ubuntu/workspace/Department_table/edit.php on line 36
[23-Apr-2019 16:37:28 UTC] PHP Stack trace:
[23-Apr-2019 16:37:28 UTC] PHP   1. {main}() /home/ubuntu/workspace/Department_table/edit.php:0
[23-Apr-2019 16:37:28 UTC] PHP   2. mysqli_fetch_array() /home/ubuntu/workspace/Department_table/edit.php:36
[23-Apr-2019 16:37:29 UTC] PHP Warning:  mysqli_fetch_array() expects parameter 1 to be mysqli_result, boolean given in /home/ubuntu/workspace/Department_table/edit.php on line 36
[23-Apr-2019 16:37:29 UTC] PHP Stack trace:
[23-Apr-2019 16:37:29 UTC] PHP   1. {main}() /home/ubuntu/workspace/Department_table/edit.php:0
[23-Apr-2019 16:37:29 UTC] PHP   2. mysqli_fetch_array() /home/ubuntu/workspace/Department_table/edit.php:36
[23-Apr-2019 16:37:58 UTC] PHP Warning:  mysqli_fetch_array() expects parameter 1 to be mysqli_result, boolean given in /home/ubuntu/workspace/Department_table/edit.php on line 36
[23-Apr-2019 16:37:58 UTC] PHP Stack trace:
[23-Apr-2019 16:37:58 UTC] PHP   1. {main}() /home/ubuntu/workspace/Department_table/edit.php:0
[23-Apr-2019 16:37:58 UTC] PHP   2. mysqli_fetch_array() /home/ubuntu/workspace/Department_table/edit.php:36
[23-Apr-2019 16:38:09 UTC] PHP Warning:  mysqli_fetch_array() expects parameter 1 to be mysqli_result, boolean given in /home/ubuntu/workspace/Department_table/edit.php on line 36
[23-Apr-2019 16:38:09 UTC] PHP Stack trace:
[23-Apr-2019 16:38:09 UTC] PHP   1. {main}() /home/ubuntu/workspace/Department_table/edit.php:0
[23-Apr-2019 16:38:09 UTC] PHP   2. mysqli_fetch_array() /home/ubuntu/workspace/Department_table/edit.php:36
[23-Apr-2019 16:38:09 UTC] PHP Warning:  mysqli_fetch_array() expects parameter 1 to be mysqli_result, boolean given in /home/ubuntu/workspace/Department_table/edit.php on line 36
[23-Apr-2019 16:38:09 UTC] PHP Stack trace:
[23-Apr-2019 16:38:09 UTC] PHP   1. {main}() /home/ubuntu/workspace/Department_table/edit.php:0
[23-Apr-2019 16:38:09 UTC] PHP   2. mysqli_fetch_array() /home/ubuntu/workspace/Department_table/edit.php:36
[23-Apr-2019 16:39:25 UTC] PHP Warning:  mysqli_fetch_array() expects parameter 1 to be mysqli_result, boolean given in /home/ubuntu/workspace/Department_table/edit.php on line 36
[23-Apr-2019 16:39:25 UTC] PHP Stack trace:
[23-Apr-2019 16:39:25 UTC] PHP   1. {main}() /home/ubuntu/workspace/Department_table/edit.php:0
[23-Apr-2019 16:39:25 UTC] PHP   2. mysqli_fetch_array() /home/ubuntu/workspace/Department_table/edit.php:36
[23-Apr-2019 16:39:29 UTC] PHP Warning:  include(config.php): failed to open stream: No such file or directory in /home/ubuntu/workspace/Department_table/delete.php on line 3
[23-Apr-2019 16:39:29 UTC] PHP Stack trace:
[23-Apr-2019 16:39:29 UTC] PHP   1. {main}() /home/ubuntu/workspace/Department_table/delete.php:0
[23-Apr-2019 16:39:29 UTC] PHP Warning:  include(): Failed opening 'config.php' for inclusion (include_path='.:/usr/share/php:/usr/share/pear') in /home/ubuntu/workspace/Department_table/delete.php on line 3
[23-Apr-2019 16:39:29 UTC] PHP Stack trace:
[23-Apr-2019 16:39:29 UTC] PHP   1. {main}() /home/ubuntu/workspace/Department_table/delete.php:0
[23-Apr-2019 16:39:29 UTC] PHP Warning:  mysqli_query() expects parameter 1 to be mysqli, null given in /home/ubuntu/workspace/Department_table/delete.php on line 9
[23-Apr-2019 16:39:29 UTC] PHP Stack trace:
[23-Apr-2019 16:39:29 UTC] PHP   1. {main}() /home/ubuntu/workspace/Department_table/delete.php:0
[23-Apr-2019 16:39:29 UTC] PHP   2. mysqli_query() /home/ubuntu/workspace/Department_table/delete.php:9
[23-Apr-2019 16:39:33 UTC] PHP Warning:  include(config.php): failed to open stream: No such file or directory in /home/ubuntu/workspace/Department_table/delete.php on line 3
[23-Apr-2019 16:39:33 UTC] PHP Stack trace:
[23-Apr-2019 16:39:33 UTC] PHP   1. {main}() /home/ubuntu/workspace/Department_table/delete.php:0
[23-Apr-2019 16:39:33 UTC] PHP Warning:  include(): Failed opening 'config.php' for inclusion (include_path='.:/usr/share/php:/usr/share/pear') in /home/ubuntu/workspace/Department_table/delete.php on line 3
[23-Apr-2019 16:39:33 UTC] PHP Stack trace:
[23-Apr-2019 16:39:33 UTC] PHP   1. {main}() /home/ubuntu/workspace/Department_table/delete.php:0
[23-Apr-2019 16:39:33 UTC] PHP Warning:  mysqli_query() expects parameter 1 to be mysqli, null given in /home/ubuntu/workspace/Department_table/delete.php on line 9
[23-Apr-2019 16:39:33 UTC] PHP Stack trace:
[23-Apr-2019 16:39:33 UTC] PHP   1. {main}() /home/ubuntu/workspace/Department_table/delete.php:0
[23-Apr-2019 16:39:33 UTC] PHP   2. mysqli_query() /home/ubuntu/workspace/Department_table/delete.php:9
[23-Apr-2019 16:39:36 UTC] PHP Warning:  include(config.php): failed to open stream: No such file or directory in /home/ubuntu/workspace/Department_table/delete.php on line 3
[23-Apr-2019 16:39:36 UTC] PHP Stack trace:
[23-Apr-2019 16:39:36 UTC] PHP   1. {main}() /home/ubuntu/workspace/Department_table/delete.php:0
[23-Apr-2019 16:39:36 UTC] PHP Warning:  include(): Failed opening 'config.php' for inclusion (include_path='.:/usr/share/php:/usr/share/pear') in /home/ubuntu/workspace/Department_table/delete.php on line 3
[23-Apr-2019 16:39:36 UTC] PHP Stack trace:
[23-Apr-2019 16:39:36 UTC] PHP   1. {main}() /home/ubuntu/workspace/Department_table/delete.php:0
[23-Apr-2019 16:39:36 UTC] PHP Warning:  mysqli_query() expects parameter 1 to be mysqli, null given in /home/ubuntu/workspace/Department_table/delete.php on line 9
[23-Apr-2019 16:39:36 UTC] PHP Stack trace:
[23-Apr-2019 16:39:36 UTC] PHP   1. {main}() /home/ubuntu/workspace/Department_table/delete.php:0
[23-Apr-2019 16:39:36 UTC] PHP   2. mysqli_query() /home/ubuntu/workspace/Department_table/delete.php:9
[23-Apr-2019 16:39:54 UTC] PHP Warning:  include(config.php): failed to open stream: No such file or directory in /home/ubuntu/workspace/Department_table/delete.php on line 3
[23-Apr-2019 16:39:54 UTC] PHP Stack trace:
[23-Apr-2019 16:39:54 UTC] PHP   1. {main}() /home/ubuntu/workspace/Department_table/delete.php:0
[23-Apr-2019 16:39:54 UTC] PHP Warning:  include(): Failed opening 'config.php' for inclusion (include_path='.:/usr/share/php:/usr/share/pear') in /home/ubuntu/workspace/Department_table/delete.php on line 3
[23-Apr-2019 16:39:54 UTC] PHP Stack trace:
[23-Apr-2019 16:39:54 UTC] PHP   1. {main}() /home/ubuntu/workspace/Department_table/delete.php:0
[23-Apr-2019 16:39:54 UTC] PHP Warning:  mysqli_query() expects parameter 1 to be mysqli, null given in /home/ubuntu/workspace/Department_table/delete.php on line 9
[23-Apr-2019 16:39:54 UTC] PHP Stack trace:
[23-Apr-2019 16:39:54 UTC] PHP   1. {main}() /home/ubuntu/workspace/Department_table/delete.php:0
[23-Apr-2019 16:39:54 UTC] PHP   2. mysqli_query() /home/ubuntu/workspace/Department_table/delete.php:9
[23-Apr-2019 16:40:49 UTC] PHP Warning:  mysqli_fetch_array() expects parameter 1 to be mysqli_result, boolean given in /home/ubuntu/workspace/Department_table/edit.php on line 36
[23-Apr-2019 16:40:49 UTC] PHP Stack trace:
[23-Apr-2019 16:40:49 UTC] PHP   1. {main}() /home/ubuntu/workspace/Department_table/edit.php:0
[23-Apr-2019 16:40:49 UTC] PHP   2. mysqli_fetch_array() /home/ubuntu/workspace/Department_table/edit.php:36
[23-Apr-2019 16:40:53 UTC] PHP Warning:  include(config.php): failed to open stream: No such file or directory in /home/ubuntu/workspace/Department_table/delete.php on line 3
[23-Apr-2019 16:40:53 UTC] PHP Stack trace:
[23-Apr-2019 16:40:53 UTC] PHP   1. {main}() /home/ubuntu/workspace/Department_table/delete.php:0
[23-Apr-2019 16:40:53 UTC] PHP Warning:  include(): Failed opening 'config.php' for inclusion (include_path='.:/usr/share/php:/usr/share/pear') in /home/ubuntu/workspace/Department_table/delete.php on line 3
[23-Apr-2019 16:40:53 UTC] PHP Stack trace:
[23-Apr-2019 16:40:53 UTC] PHP   1. {main}() /home/ubuntu/workspace/Department_table/delete.php:0
[23-Apr-2019 16:40:53 UTC] PHP Warning:  mysqli_query() expects parameter 1 to be mysqli, null given in /home/ubuntu/workspace/Department_table/delete.php on line 9
[23-Apr-2019 16:40:53 UTC] PHP Stack trace:
[23-Apr-2019 16:40:53 UTC] PHP   1. {main}() /home/ubuntu/workspace/Department_table/delete.php:0
[23-Apr-2019 16:40:53 UTC] PHP   2. mysqli_query() /home/ubuntu/workspace/Department_table/delete.php:9
[23-Apr-2019 16:41:22 UTC] PHP Warning:  include(config.php): failed to open stream: No such file or directory in /home/ubuntu/workspace/Department_table/delete.php on line 3
[23-Apr-2019 16:41:22 UTC] PHP Stack trace:
[23-Apr-2019 16:41:22 UTC] PHP   1. {main}() /home/ubuntu/workspace/Department_table/delete.php:0
[23-Apr-2019 16:41:22 UTC] PHP Warning:  include(): Failed opening 'config.php' for inclusion (include_path='.:/usr/share/php:/usr/share/pear') in /home/ubuntu/workspace/Department_table/delete.php on line 3
[23-Apr-2019 16:41:22 UTC] PHP Stack trace:
[23-Apr-2019 16:41:22 UTC] PHP   1. {main}() /home/ubuntu/workspace/Department_table/delete.php:0
[23-Apr-2019 16:41:22 UTC] PHP Warning:  mysqli_query() expects parameter 1 to be mysqli, null given in /home/ubuntu/workspace/Department_table/delete.php on line 9
[23-Apr-2019 16:41:22 UTC] PHP Stack trace:
[23-Apr-2019 16:41:22 UTC] PHP   1. {main}() /home/ubuntu/workspace/Department_table/delete.php:0
[23-Apr-2019 16:41:22 UTC] PHP   2. mysqli_query() /home/ubuntu/workspace/Department_table/delete.php:9
[23-Apr-2019 16:42:18 UTC] PHP Warning:  include(config.php): failed to open stream: No such file or directory in /home/ubuntu/workspace/Department_table/delete.php on line 3
[23-Apr-2019 16:42:18 UTC] PHP Stack trace:
[23-Apr-2019 16:42:18 UTC] PHP   1. {main}() /home/ubuntu/workspace/Department_table/delete.php:0
[23-Apr-2019 16:42:18 UTC] PHP Warning:  include(): Failed opening 'config.php' for inclusion (include_path='.:/usr/share/php:/usr/share/pear') in /home/ubuntu/workspace/Department_table/delete.php on line 3
[23-Apr-2019 16:42:18 UTC] PHP Stack trace:
[23-Apr-2019 16:42:18 UTC] PHP   1. {main}() /home/ubuntu/workspace/Department_table/delete.php:0
[23-Apr-2019 16:42:18 UTC] PHP Warning:  mysqli_query() expects parameter 1 to be mysqli, null given in /home/ubuntu/workspace/Department_table/delete.php on line 9
[23-Apr-2019 16:42:18 UTC] PHP Stack trace:
[23-Apr-2019 16:42:18 UTC] PHP   1. {main}() /home/ubuntu/workspace/Department_table/delete.php:0
[23-Apr-2019 16:42:18 UTC] PHP   2. mysqli_query() /home/ubuntu/workspace/Department_table/delete.php:9
[23-Apr-2019 16:42:21 UTC] PHP Warning:  include(config.php): failed to open stream: No such file or directory in /home/ubuntu/workspace/Department_table/delete.php on line 3
[23-Apr-2019 16:42:21 UTC] PHP Stack trace:
[23-Apr-2019 16:42:21 UTC] PHP   1. {main}() /home/ubuntu/workspace/Department_table/delete.php:0
[23-Apr-2019 16:42:21 UTC] PHP Warning:  include(): Failed opening 'config.php' for inclusion (include_path='.:/usr/share/php:/usr/share/pear') in /home/ubuntu/workspace/Department_table/delete.php on line 3
[23-Apr-2019 16:42:21 UTC] PHP Stack trace:
[23-Apr-2019 16:42:21 UTC] PHP   1. {main}() /home/ubuntu/workspace/Department_table/delete.php:0
[23-Apr-2019 16:42:21 UTC] PHP Warning:  mysqli_query() expects parameter 1 to be mysqli, null given in /home/ubuntu/workspace/Department_table/delete.php on line 9
[23-Apr-2019 16:42:21 UTC] PHP Stack trace:
[23-Apr-2019 16:42:21 UTC] PHP   1. {main}() /home/ubuntu/workspace/Department_table/delete.php:0
[23-Apr-2019 16:42:21 UTC] PHP   2. mysqli_query() /home/ubuntu/workspace/Department_table/delete.php:9
[23-Apr-2019 16:42:39 UTC] PHP Warning:  include(config.php): failed to open stream: No such file or directory in /home/ubuntu/workspace/Department_table/delete.php on line 3
[23-Apr-2019 16:42:39 UTC] PHP Stack trace:
[23-Apr-2019 16:42:39 UTC] PHP   1. {main}() /home/ubuntu/workspace/Department_table/delete.php:0
[23-Apr-2019 16:42:39 UTC] PHP Warning:  include(): Failed opening 'config.php' for inclusion (include_path='.:/usr/share/php:/usr/share/pear') in /home/ubuntu/workspace/Department_table/delete.php on line 3
[23-Apr-2019 16:42:39 UTC] PHP Stack trace:
[23-Apr-2019 16:42:39 UTC] PHP   1. {main}() /home/ubuntu/workspace/Department_table/delete.php:0
[23-Apr-2019 16:42:39 UTC] PHP Warning:  mysqli_query() expects parameter 1 to be mysqli, null given in /home/ubuntu/workspace/Department_table/delete.php on line 9
[23-Apr-2019 16:42:39 UTC] PHP Stack trace:
[23-Apr-2019 16:42:39 UTC] PHP   1. {main}() /home/ubuntu/workspace/Department_table/delete.php:0
[23-Apr-2019 16:42:39 UTC] PHP   2. mysqli_query() /home/ubuntu/workspace/Department_table/delete.php:9
[23-Apr-2019 16:42:41 UTC] PHP Warning:  include(config.php): failed to open stream: No such file or directory in /home/ubuntu/workspace/Department_table/delete.php on line 3
[23-Apr-2019 16:42:41 UTC] PHP Stack trace:
[23-Apr-2019 16:42:41 UTC] PHP   1. {main}() /home/ubuntu/workspace/Department_table/delete.php:0
[23-Apr-2019 16:42:41 UTC] PHP Warning:  include(): Failed opening 'config.php' for inclusion (include_path='.:/usr/share/php:/usr/share/pear') in /home/ubuntu/workspace/Department_table/delete.php on line 3
[23-Apr-2019 16:42:41 UTC] PHP Stack trace:
[23-Apr-2019 16:42:41 UTC] PHP   1. {main}() /home/ubuntu/workspace/Department_table/delete.php:0
[23-Apr-2019 16:42:41 UTC] PHP Warning:  mysqli_query() expects parameter 1 to be mysqli, null given in /home/ubuntu/workspace/Department_table/delete.php on line 9
[23-Apr-2019 16:42:41 UTC] PHP Stack trace:
[23-Apr-2019 16:42:41 UTC] PHP   1. {main}() /home/ubuntu/workspace/Department_table/delete.php:0
[23-Apr-2019 16:42:41 UTC] PHP   2. mysqli_query() /home/ubuntu/workspace/Department_table/delete.php:9
[23-Apr-2019 16:42:55 UTC] PHP Warning:  include(config.php): failed to open stream: No such file or directory in /home/ubuntu/workspace/Department_table/delete.php on line 3
[23-Apr-2019 16:42:55 UTC] PHP Stack trace:
[23-Apr-2019 16:42:55 UTC] PHP   1. {main}() /home/ubuntu/workspace/Department_table/delete.php:0
[23-Apr-2019 16:42:55 UTC] PHP Warning:  include(): Failed opening 'config.php' for inclusion (include_path='.:/usr/share/php:/usr/share/pear') in /home/ubuntu/workspace/Department_table/delete.php on line 3
[23-Apr-2019 16:42:55 UTC] PHP Stack trace:
[23-Apr-2019 16:42:55 UTC] PHP   1. {main}() /home/ubuntu/workspace/Department_table/delete.php:0
[23-Apr-2019 16:42:55 UTC] PHP Warning:  mysqli_query() expects parameter 1 to be mysqli, null given in /home/ubuntu/workspace/Department_table/delete.php on line 9
[23-Apr-2019 16:42:55 UTC] PHP Stack trace:
[23-Apr-2019 16:42:55 UTC] PHP   1. {main}() /home/ubuntu/workspace/Department_table/delete.php:0
[23-Apr-2019 16:42:55 UTC] PHP   2. mysqli_query() /home/ubuntu/workspace/Department_table/delete.php:9
[23-Apr-2019 16:42:58 UTC] PHP Warning:  include(config.php): failed to open stream: No such file or directory in /home/ubuntu/workspace/Department_table/delete.php on line 3
[23-Apr-2019 16:42:58 UTC] PHP Stack trace:
[23-Apr-2019 16:42:58 UTC] PHP   1. {main}() /home/ubuntu/workspace/Department_table/delete.php:0
[23-Apr-2019 16:42:58 UTC] PHP Warning:  include(): Failed opening 'config.php' for inclusion (include_path='.:/usr/share/php:/usr/share/pear') in /home/ubuntu/workspace/Department_table/delete.php on line 3
[23-Apr-2019 16:42:58 UTC] PHP Stack trace:
[23-Apr-2019 16:42:58 UTC] PHP   1. {main}() /home/ubuntu/workspace/Department_table/delete.php:0
[23-Apr-2019 16:42:58 UTC] PHP Warning:  mysqli_query() expects parameter 1 to be mysqli, null given in /home/ubuntu/workspace/Department_table/delete.php on line 9
[23-Apr-2019 16:42:58 UTC] PHP Stack trace:
[23-Apr-2019 16:42:58 UTC] PHP   1. {main}() /home/ubuntu/workspace/Department_table/delete.php:0
[23-Apr-2019 16:42:58 UTC] PHP   2. mysqli_query() /home/ubuntu/workspace/Department_table/delete.php:9
[23-Apr-2019 16:43:32 UTC] PHP Warning:  include(config.php): failed to open stream: No such file or directory in /home/ubuntu/workspace/Department_table/delete.php on line 3
[23-Apr-2019 16:43:32 UTC] PHP Stack trace:
[23-Apr-2019 16:43:32 UTC] PHP   1. {main}() /home/ubuntu/workspace/Department_table/delete.php:0
[23-Apr-2019 16:43:32 UTC] PHP Warning:  include(): Failed opening 'config.php' for inclusion (include_path='.:/usr/share/php:/usr/share/pear') in /home/ubuntu/workspace/Department_table/delete.php on line 3
[23-Apr-2019 16:43:32 UTC] PHP Stack trace:
[23-Apr-2019 16:43:32 UTC] PHP   1. {main}() /home/ubuntu/workspace/Department_table/delete.php:0
[23-Apr-2019 16:43:32 UTC] PHP Warning:  mysqli_query() expects parameter 1 to be mysqli, null given in /home/ubuntu/workspace/Department_table/delete.php on line 9
[23-Apr-2019 16:43:32 UTC] PHP Stack trace:
[23-Apr-2019 16:43:32 UTC] PHP   1. {main}() /home/ubuntu/workspace/Department_table/delete.php:0
[23-Apr-2019 16:43:32 UTC] PHP   2. mysqli_query() /home/ubuntu/workspace/Department_table/delete.php:9
[23-Apr-2019 16:43:35 UTC] PHP Warning:  include(config.php): failed to open stream: No such file or directory in /home/ubuntu/workspace/Department_table/delete.php on line 3
[23-Apr-2019 16:43:35 UTC] PHP Stack trace:
[23-Apr-2019 16:43:35 UTC] PHP   1. {main}() /home/ubuntu/workspace/Department_table/delete.php:0
[23-Apr-2019 16:43:35 UTC] PHP Warning:  include(): Failed opening 'config.php' for inclusion (include_path='.:/usr/share/php:/usr/share/pear') in /home/ubuntu/workspace/Department_table/delete.php on line 3
[23-Apr-2019 16:43:35 UTC] PHP Stack trace:
[23-Apr-2019 16:43:35 UTC] PHP   1. {main}() /home/ubuntu/workspace/Department_table/delete.php:0
[23-Apr-2019 16:43:35 UTC] PHP Warning:  mysqli_query() expects parameter 1 to be mysqli, null given in /home/ubuntu/workspace/Department_table/delete.php on line 9
[23-Apr-2019 16:43:35 UTC] PHP Stack trace:
[23-Apr-2019 16:43:35 UTC] PHP   1. {main}() /home/ubuntu/workspace/Department_table/delete.php:0
[23-Apr-2019 16:43:35 UTC] PHP   2. mysqli_query() /home/ubuntu/workspace/Department_table/delete.php:9
[23-Apr-2019 16:44:32 UTC] PHP Warning:  mysqli_fetch_array() expects parameter 1 to be mysqli_result, boolean given in /home/ubuntu/workspace/Department_table/edit.php on line 36
[23-Apr-2019 16:44:32 UTC] PHP Stack trace:
[23-Apr-2019 16:44:32 UTC] PHP   1. {main}() /home/ubuntu/workspace/Department_table/edit.php:0
[23-Apr-2019 16:44:32 UTC] PHP   2. mysqli_fetch_array() /home/ubuntu/workspace/Department_table/edit.php:36
[23-Apr-2019 16:45:12 UTC] PHP Warning:  mysqli_fetch_array() expects parameter 1 to be mysqli_result, boolean given in /home/ubuntu/workspace/Employee_table/edit.php on line 52
[23-Apr-2019 16:45:12 UTC] PHP Stack trace:
[23-Apr-2019 16:45:12 UTC] PHP   1. {main}() /home/ubuntu/workspace/Employee_table/edit.php:0
[23-Apr-2019 16:45:12 UTC] PHP   2. mysqli_fetch_array() /home/ubuntu/workspace/Employee_table/edit.php:52
[23-Apr-2019 16:49:05 UTC] PHP Warning:  mysqli_fetch_array() expects parameter 1 to be mysqli_result, boolean given in /home/ubuntu/workspace/Employee_table/edit.php on line 52
[23-Apr-2019 16:49:05 UTC] PHP Stack trace:
[23-Apr-2019 16:49:05 UTC] PHP   1. {main}() /home/ubuntu/workspace/Employee_table/edit.php:0
[23-Apr-2019 16:49:05 UTC] PHP   2. mysqli_fetch_array() /home/ubuntu/workspace/Employee_table/edit.php:52
[23-Apr-2019 16:50:09 UTC] PHP Warning:  mysqli_fetch_array() expects parameter 1 to be mysqli_result, boolean given in /home/ubuntu/workspace/Employee_table/edit.php on line 52
[23-Apr-2019 16:50:09 UTC] PHP Stack trace:
[23-Apr-2019 16:50:09 UTC] PHP   1. {main}() /home/ubuntu/workspace/Employee_table/edit.php:0
[23-Apr-2019 16:50:09 UTC] PHP   2. mysqli_fetch_array() /home/ubuntu/workspace/Employee_table/edit.php:52
[23-Apr-2019 16:50:56 UTC] PHP Warning:  mysqli_fetch_array() expects parameter 1 to be mysqli_result, boolean given in /home/ubuntu/workspace/Department_table/edit.php on line 36
[23-Apr-2019 16:50:56 UTC] PHP Stack trace:
[23-Apr-2019 16:50:56 UTC] PHP   1. {main}() /home/ubuntu/workspace/Department_table/edit.php:0
[23-Apr-2019 16:50:56 UTC] PHP   2. mysqli_fetch_array() /home/ubuntu/workspace/Department_table/edit.php:36
[23-Apr-2019 16:51:02 UTC] PHP Warning:  mysqli_fetch_array() expects parameter 1 to be mysqli_result, boolean given in /home/ubuntu/workspace/Department_table/edit.php on line 36
[23-Apr-2019 16:51:02 UTC] PHP Stack trace:
[23-Apr-2019 16:51:02 UTC] PHP   1. {main}() /home/ubuntu/workspace/Department_table/edit.php:0
[23-Apr-2019 16:51:02 UTC] PHP   2. mysqli_fetch_array() /home/ubuntu/workspace/Department_table/edit.php:36
[23-Apr-2019 16:51:35 UTC] PHP Warning:  mysqli_fetch_array() expects parameter 1 to be mysqli_result, boolean given in /home/ubuntu/workspace/Employee_table/edit.php on line 52
[23-Apr-2019 16:51:35 UTC] PHP Stack trace:
[23-Apr-2019 16:51:35 UTC] PHP   1. {main}() /home/ubuntu/workspace/Employee_table/edit.php:0
[23-Apr-2019 16:51:35 UTC] PHP   2. mysqli_fetch_array() /home/ubuntu/workspace/Employee_table/edit.php:52
[23-Apr-2019 16:51:42 UTC] PHP Warning:  mysqli_fetch_array() expects parameter 1 to be mysqli_result, boolean given in /home/ubuntu/workspace/Employee_table/edit.php on line 52
[23-Apr-2019 16:51:42 UTC] PHP Stack trace:
[23-Apr-2019 16:51:42 UTC] PHP   1. {main}() /home/ubuntu/workspace/Employee_table/edit.php:0
[23-Apr-2019 16:51:42 UTC] PHP   2. mysqli_fetch_array() /home/ubuntu/workspace/Employee_table/edit.php:52
[23-Apr-2019 16:51:46 UTC] PHP Warning:  mysqli_fetch_array() expects parameter 1 to be mysqli_result, boolean given in /home/ubuntu/workspace/Employee_table/edit.php on line 52
[23-Apr-2019 16:51:46 UTC] PHP Stack trace:
[23-Apr-2019 16:51:46 UTC] PHP   1. {main}() /home/ubuntu/workspace/Employee_table/edit.php:0
[23-Apr-2019 16:51:46 UTC] PHP   2. mysqli_fetch_array() /home/ubuntu/workspace/Employee_table/edit.php:52
[23-Apr-2019 16:51:59 UTC] PHP Warning:  mysqli_fetch_array() expects parameter 1 to be mysqli_result, boolean given in /home/ubuntu/workspace/Department_table/edit.php on line 36
[23-Apr-2019 16:51:59 UTC] PHP Stack trace:
[23-Apr-2019 16:51:59 UTC] PHP   1. {main}() /home/ubuntu/workspace/Department_table/edit.php:0
[23-Apr-2019 16:51:59 UTC] PHP   2. mysqli_fetch_array() /home/ubuntu/workspace/Department_table/edit.php:36
[23-Apr-2019 16:52:23 UTC] PHP Warning:  mysqli_fetch_array() expects parameter 1 to be mysqli_result, boolean given in /home/ubuntu/workspace/Department_table/edit.php on line 36
[23-Apr-2019 16:52:23 UTC] PHP Stack trace:
[23-Apr-2019 16:52:23 UTC] PHP   1. {main}() /home/ubuntu/workspace/Department_table/edit.php:0
[23-Apr-2019 16:52:23 UTC] PHP   2. mysqli_fetch_array() /home/ubuntu/workspace/Department_table/edit.php:36
[23-Apr-2019 16:52:58 UTC] PHP Warning:  mysqli_fetch_array() expects parameter 1 to be mysqli_result, boolean given in /home/ubuntu/workspace/Employee_table/edit.php on line 52
[23-Apr-2019 16:52:58 UTC] PHP Stack trace:
[23-Apr-2019 16:52:58 UTC] PHP   1. {main}() /home/ubuntu/workspace/Employee_table/edit.php:0
[23-Apr-2019 16:52:58 UTC] PHP   2. mysqli_fetch_array() /home/ubuntu/workspace/Employee_table/edit.php:52
[23-Apr-2019 16:53:03 UTC] PHP Warning:  mysqli_fetch_array() expects parameter 1 to be mysqli_result, boolean given in /home/ubuntu/workspace/Employee_table/edit.php on line 52
[23-Apr-2019 16:53:03 UTC] PHP Stack trace:
[23-Apr-2019 16:53:03 UTC] PHP   1. {main}() /home/ubuntu/workspace/Employee_table/edit.php:0
[23-Apr-2019 16:53:03 UTC] PHP   2. mysqli_fetch_array() /home/ubuntu/workspace/Employee_table/edit.php:52
[30-Apr-2019 14:25:03 UTC] PHP Warning:  mysqli_fetch_array() expects parameter 1 to be mysqli_result, boolean given in /home/ubuntu/workspace/Department_table/edit.php on line 36
[30-Apr-2019 14:25:03 UTC] PHP Stack trace:
[30-Apr-2019 14:25:03 UTC] PHP   1. {main}() /home/ubuntu/workspace/Department_table/edit.php:0
[30-Apr-2019 14:25:03 UTC] PHP   2. mysqli_fetch_array() /home/ubuntu/workspace/Department_table/edit.php:36
[30-Apr-2019 14:25:11 UTC] PHP Warning:  mysqli_fetch_array() expects parameter 1 to be mysqli_result, boolean given in /home/ubuntu/workspace/Department_table/edit.php on line 36
[30-Apr-2019 14:25:11 UTC] PHP Stack trace:
[30-Apr-2019 14:25:11 UTC] PHP   1. {main}() /home/ubuntu/workspace/Department_table/edit.php:0
[30-Apr-2019 14:25:11 UTC] PHP   2. mysqli_fetch_array() /home/ubuntu/workspace/Department_table/edit.php:36
[30-Apr-2019 14:28:33 UTC] PHP Warning:  mysqli_fetch_array() expects parameter 1 to be mysqli_result, boolean given in /home/ubuntu/workspace/Department_table/edit.php on line 36
[30-Apr-2019 14:28:33 UTC] PHP Stack trace:
[30-Apr-2019 14:28:33 UTC] PHP   1. {main}() /home/ubuntu/workspace/Department_table/edit.php:0
[30-Apr-2019 14:28:33 UTC] PHP   2. mysqli_fetch_array() /home/ubuntu/workspace/Department_table/edit.php:36
[30-Apr-2019 14:28:36 UTC] PHP Warning:  mysqli_fetch_array() expects parameter 1 to be mysqli_result, boolean given in /home/ubuntu/workspace/Department_table/edit.php on line 36
[30-Apr-2019 14:28:36 UTC] PHP Stack trace:
[30-Apr-2019 14:28:36 UTC] PHP   1. {main}() /home/ubuntu/workspace/Department_table/edit.php:0
[30-Apr-2019 14:28:36 UTC] PHP   2. mysqli_fetch_array() /home/ubuntu/workspace/Department_table/edit.php:36
[30-Apr-2019 14:28:41 UTC] PHP Warning:  mysqli_fetch_array() expects parameter 1 to be mysqli_result, boolean given in /home/ubuntu/workspace/Department_table/edit.php on line 36
[30-Apr-2019 14:28:41 UTC] PHP Stack trace:
[30-Apr-2019 14:28:41 UTC] PHP   1. {main}() /home/ubuntu/workspace/Department_table/edit.php:0
[30-Apr-2019 14:28:41 UTC] PHP   2. mysqli_fetch_array() /home/ubuntu/workspace/Department_table/edit.php:36
[30-Apr-2019 14:40:19 UTC] PHP Warning:  mysqli_fetch_array() expects parameter 1 to be mysqli_result, boolean given in /home/ubuntu/workspace/Employee_table/edit.php on line 52
[30-Apr-2019 14:40:19 UTC] PHP Stack trace:
[30-Apr-2019 14:40:19 UTC] PHP   1. {main}() /home/ubuntu/workspace/Employee_table/edit.php:0
[30-Apr-2019 14:40:19 UTC] PHP   2. mysqli_fetch_array() /home/ubuntu/workspace/Employee_table/edit.php:52
